<?xml version="1.0" encoding="utf-8"?>
<TestRun id="f77539cf-ae92-4372-b4ef-da0032544438" name="@Stan-MacBook-Pro 2026-08-14 03:10:08" xmlns="http://microsoft.com/schemas/VisualStudio/TeamTest/2010">
  <Times creation="2026-08-14T03:10:08.8501110+00:00" queuing="2026-08-14T03:10:08.8501110+00:00" start="2026-08-14T03:10:00.2911100+00:00" finish="2026-08-14T03:12:49.4479320+00:00" />
  <TestSettings name="default" id="32821562-00bc-4820-bd91-e8d85c3655bf">
    <Deployment runDeploymentRoot="_Stan-MacBook-Pro_2026-08-14_03_10_08" />
  </TestSettings>
  <Results>
    <UnitTestResult executionId="6dba0fde-1df5-4a8e-89c2-8f3bd596e662" testId="690e97c7-2f7b-45ea-7ff9-45d2cd6e8353" testName="EventManagement.Api.IntegrationTests.CertificatesControllerTests.Attended_student_can_generate_certificate_after_event_only_once" computerName="Stan-MacBook-Pro" duration="00:00:01.7559955" startTime="2026-08-14T03:11:43.4877590+00:00" endTime="2026-08-14T03:11:45.2413180+00:00" testType="13cdc9d9-ddb5-4fa4-a97d-d965ccfc6d4b" outcome="Passed" testListId="8c84fa94-04c1-424b-9868-57a2d4851a1d" relativeResultsDirectory="6dba0fde-1df5-4a8e-89c2-8f3bd596e662" />
    <UnitTestResult executionId="017ff6e6-412e-4c52-96ee-02cead2014df" testId="f26faa45-c233-1664-ba6c-dd5a08d4db69" testName="EventManagement.Api.IntegrationTests.EventsControllerTests.Non_admin_cannot_list_unpublished_events" computerName="Stan-MacBook-Pro" duration="00:00:00.7413623" startTime="2026-08-14T03:10:34.6037100+00:00" endTime="2026-08-14T03:10:35.3440350+00:00" testType="13cdc9d9-ddb5-4fa4-a97d-d965ccfc6d4b" outcome="Passed" testListId="8c84fa94-04c1-424b-9868-57a2d4851a1d" relativeResultsDirectory="017ff6e6-412e-4c52-96ee-02cead2014df" />
    <UnitTestResult executionId="8a30ff7f-526d-48b9-a83e-678a4c9d1da4" testId="f4a5a02a-ba73-b65c-7670-0ad927e310b1" testName="EventManagement.Api.IntegrationTests.AuthControllerTests.State_changing_request_rejects_missing_csrf_token" computerName="Stan-MacBook-Pro" duration="00:00:00.3818721" startTime="2026-08-14T03:12:24.9617590+00:00" endTime="2026-08-14T03:12:25.3424640+00:00" testType="13cdc9d9-ddb5-4fa4-a97d-d965ccfc6d4b" outcome="Passed" testListId="8c84fa94-04c1-424b-9868-57a2d4851a1d" relativeResultsDirectory="8a30ff7f-526d-48b9-a83e-678a4c9d1da4" />
    <UnitTestResult executionId="1c7de068-d664-4bb6-879e-267c0e383bbf" testId="a694cced-2147-341b-fac9-2c8670ff4c87" testName="EventManagement.Api.IntegrationTests.BookingRequestsControllerTests.Closed_request_personal_data_is_anonymized_after_retention_window" computerName="Stan-MacBook-Pro" duration="00:00:00.4505574" startTime="2026-08-14T03:11:53.1989790+00:00" endTime="2026-08-14T03:11:53.6489720+00:00" testType="13cdc9d9-ddb5-4fa4-a97d-d965ccfc6d4b" outcome="Passed" testListId="8c84fa94-04c1-424b-9868-57a2d4851a1d" relativeResultsDirectory="1c7de068-d664-4bb6-879e-267c0e383bbf" />
    <UnitTestResult executionId="ee21d38d-53d6-4468-b6b1-50d7b810c9ac" testId="f9fe3d4e-14be-aa95-80cc-bf9872e51619" testName="EventManagement.Api.IntegrationTests.EventsControllerTests.Student_cannot_register_twice_for_same_event" computerName="Stan-MacBook-Pro" duration="00:00:01.1329687" startTime="2026-08-14T03:10:46.4730100+00:00" endTime="2026-08-14T03:10:47.6046960+00:00" testType="13cdc9d9-ddb5-4fa4-a97d-d965ccfc6d4b" outcome="Passed" testListId="8c84fa94-04c1-424b-9868-57a2d4851a1d" relativeResultsDirectory="ee21d38d-53d6-4468-b6b1-50d7b810c9ac" />
    <UnitTestResult executionId="fc16a977-0279-4f5a-a172-ac5409939ce7" testId="8c96c357-447e-e85c-1c55-fa4dc7eea00d" testName="EventManagement.Api.IntegrationTests.AuthControllerTests.Expired_reset_token_is_rejected" computerName="Stan-MacBook-Pro" duration="00:00:00.7019497" startTime="2026-08-14T03:12:21.0931840+00:00" endTime="2026-08-14T03:12:21.7946360+00:00" testType="13cdc9d9-ddb5-4fa4-a97d-d965ccfc6d4b" outcome="Passed" testListId="8c84fa94-04c1-424b-9868-57a2d4851a1d" relativeResultsDirectory="fc16a977-0279-4f5a-a172-ac5409939ce7" />
    <UnitTestResult executionId="bb813e59-f321-46df-acb5-9758abf86d25" testId="9e0711e9-458f-377d-2f82-5fc85d0bd8ec" testName="EventManagement.Api.IntegrationTests.EmailOutboxControllerTests.Retention_removes_old_terminal_messages_but_keeps_recent_failures" computerName="Stan-MacBook-Pro" duration="00:00:00.4617513" startTime="2026-08-14T03:11:10.0721360+00:00" endTime="2026-08-14T03:11:10.5334150+00:00" testType="13cdc9d9-ddb5-4fa4-a97d-d965ccfc6d4b" outcome="Passed" testListId="8c84fa94-04c1-424b-9868-57a2d4851a1d" relativeResultsDirectory="bb813e59-f321-46df-acb5-9758abf86d25" />
    <UnitTestResult executionId="46d0e3b3-54d1-4de1-b46e-30d08da0de0f" testId="d4219ba0-32c5-d3f9-fdc1-d225130b9f0c" testName="EventManagement.Api.IntegrationTests.AdminAuditLogsControllerTests.Admin_mutation_is_recorded_and_visible_to_admins" computerName="Stan-MacBook-Pro" duration="00:00:01.0717673" startTime="2026-08-14T03:11:48.1942810+00:00" endTime="2026-08-14T03:11:49.2650420+00:00" testType="13cdc9d9-ddb5-4fa4-a97d-d965ccfc6d4b" outcome="Passed" testListId="8c84fa94-04c1-424b-9868-57a2d4851a1d" relativeResultsDirectory="46d0e3b3-54d1-4de1-b46e-30d08da0de0f" />
    <UnitTestResult executionId="1f9e947f-ce0d-414d-91a4-20cf797a75cd" testId="b8c362bc-7f10-7c75-77fe-66b7864d038f" testName="EventManagement.Api.IntegrationTests.EventsControllerTests.Past_dated_draft_cannot_be_published" computerName="Stan-MacBook-Pro" duration="00:00:01.5153463" startTime="2026-08-14T03:10:25.5796150+00:00" endTime="2026-08-14T03:10:27.0932760+00:00" testType="13cdc9d9-ddb5-4fa4-a97d-d965ccfc6d4b" outcome="Passed" testListId="8c84fa94-04c1-424b-9868-57a2d4851a1d" relativeResultsDirectory="1f9e947f-ce0d-414d-91a4-20cf797a75cd" />
    <UnitTestResult executionId="938b2ef4-6a73-4f0a-aeee-ad8c44eaca49" testId="174b7db7-b7f1-415c-fcfb-ab913c8dc77c" testName="EventManagement.Api.IntegrationTests.BookingRequestsControllerTests.Honeypot_submission_is_accepted_but_not_stored" computerName="Stan-MacBook-Pro" duration="00:00:00.4298069" startTime="2026-08-14T03:11:52.7688300+00:00" endTime="2026-08-14T03:11:53.1980950+00:00" testType="13cdc9d9-ddb5-4fa4-a97d-d965ccfc6d4b" outcome="Passed" testListId="8c84fa94-04c1-424b-9868-57a2d4851a1d" relativeResultsDirectory="938b2ef4-6a73-4f0a-aeee-ad8c44eaca49" />
    <UnitTestResult executionId="0fa1d555-41c6-4a35-b13e-e40523fea3a8" testId="bc1ef590-25b0-1139-a5b5-53c61dcf15b0" testName="EventManagement.Api.IntegrationTests.AuthControllerTests.Reset_token_changes_password_and_is_single_use" computerName="Stan-MacBook-Pro" duration="00:00:01.3696241" startTime="2026-08-14T03:12:23.5918000+00:00" endTime="2026-08-14T03:12:24.9603360+00:00" testType="13cdc9d9-ddb5-4fa4-a97d-d965ccfc6d4b" outcome="Passed" testListId="8c84fa94-04c1-424b-9868-57a2d4851a1d" relativeResultsDirectory="0fa1d555-41c6-4a35-b13e-e40523fea3a8" />
    <UnitTestResult executionId="1932bb83-e391-4b98-b071-bd3c4b9d6675" testId="dede861a-8220-12cc-5b68-4d98913a649c" testName="EventManagement.Api.IntegrationTests.ImageCleanupControllerTests.Admin_can_list_and_retry_a_failed_image_cleanup" computerName="Stan-MacBook-Pro" duration="00:00:02.0190802" startTime="2026-08-14T03:12:05.8987250+00:00" endTime="2026-08-14T03:12:07.9163630+00:00" testType="13cdc9d9-ddb5-4fa4-a97d-d965ccfc6d4b" outcome="Passed" testListId="8c84fa94-04c1-424b-9868-57a2d4851a1d" relativeResultsDirectory="1932bb83-e391-4b98-b071-bd3c4b9d6675" />
    <UnitTestResult executionId="22b4e204-c353-43c3-b446-40670e3b7586" testId="77bbd7ee-21cf-51c5-184f-cd854b781b93" testName="EventManagement.Api.IntegrationTests.OrganizerApplicationsControllerTests.Non_admin_cannot_review_application(role: &quot;Student&quot;, action: &quot;reject&quot;)" computerName="Stan-MacBook-Pro" duration="00:00:01.1451126" startTime="2026-08-14T03:10:58.5206650+00:00" endTime="2026-08-14T03:10:59.6647420+00:00" testType="13cdc9d9-ddb5-4fa4-a97d-d965ccfc6d4b" outcome="Passed" testListId="8c84fa94-04c1-424b-9868-57a2d4851a1d" relativeResultsDirectory="22b4e204-c353-43c3-b446-40670e3b7586" />
    <UnitTestResult executionId="d1aa84fe-0578-4990-b5cd-23bb27585858" testId="ef5e45e1-103e-12cf-87a2-cdc701e32e02" testName="EventManagement.Api.IntegrationTests.EventsControllerTests.Upcoming_mine_filter_excludes_past_events" computerName="Stan-MacBook-Pro" duration="00:00:02.4641381" startTime="2026-08-14T03:10:06.3681160+00:00" endTime="2026-08-14T03:10:08.7881510+00:00" testType="13cdc9d9-ddb5-4fa4-a97d-d965ccfc6d4b" outcome="Passed" testListId="8c84fa94-04c1-424b-9868-57a2d4851a1d" relativeResultsDirectory="d1aa84fe-0578-4990-b5cd-23bb27585858" />
    <UnitTestResult executionId="958707b6-4d5b-457d-8bba-43fcd535f564" testId="e5ba3985-a71f-a350-df89-e391e6bfdef3" testName="EventManagement.Api.IntegrationTests.TicketsControllerTests.Tampered_ticket_is_rejected" computerName="Stan-MacBook-Pro" duration="00:00:01.8464124" startTime="2026-08-14T03:12:13.3631630+00:00" endTime="2026-08-14T03:12:15.2087480+00:00" testType="13cdc9d9-ddb5-4fa4-a97d-d965ccfc6d4b" outcome="Passed" testListId="8c84fa94-04c1-424b-9868-57a2d4851a1d" relativeResultsDirectory="958707b6-4d5b-457d-8bba-43fcd535f564" />
    <UnitTestResult executionId="020f3887-b0e3-4231-98d8-6cf8c9228b0b" testId="80759da4-97af-6899-e3ea-5272e29a9cbe" testName="EventManagement.Api.IntegrationTests.UsersControllerTests.Authenticated_user_cannot_update_another_users_profile" computerName="Stan-MacBook-Pro" duration="00:00:00.9886954" startTime="2026-08-14T03:12:38.9146500+00:00" endTime="2026-08-14T03:12:39.9023400+00:00" testType="13cdc9d9-ddb5-4fa4-a97d-d965ccfc6d4b" outcome="Passed" testListId="8c84fa94-04c1-424b-9868-57a2d4851a1d" relativeResultsDirectory="020f3887-b0e3-4231-98d8-6cf8c9228b0b" />
    <UnitTestResult executionId="7ed5ca58-6cf8-4c74-9c1a-04fedcedaad4" testId="7951d9a8-e392-e697-feee-9d28195d0ea7" testName="EventManagement.Api.IntegrationTests.EventsControllerTests.Admin_can_modify_any_organizers_event(operation: &quot;delete&quot;)" computerName="Stan-MacBook-Pro" duration="00:00:01.8551024" startTime="2026-08-14T03:10:42.7866720+00:00" endTime="2026-08-14T03:10:44.6406170+00:00" testType="13cdc9d9-ddb5-4fa4-a97d-d965ccfc6d4b" outcome="Passed" testListId="8c84fa94-04c1-424b-9868-57a2d4851a1d" relativeResultsDirectory="7ed5ca58-6cf8-4c74-9c1a-04fedcedaad4" />
    <UnitTestResult executionId="2203b8bd-340e-4ca9-b0be-f7386d76e704" testId="3b8b315f-9ba4-c9ef-8179-58f8974703cb" testName="EventManagement.Api.IntegrationTests.TicketsControllerTests.Organizer_can_check_in_signed_ticket_only_once" computerName="Stan-MacBook-Pro" duration="00:00:01.7945206" startTime="2026-08-14T03:12:15.2104480+00:00" endTime="2026-08-14T03:12:17.0036100+00:00" testType="13cdc9d9-ddb5-4fa4-a97d-d965ccfc6d4b" outcome="Passed" testListId="8c84fa94-04c1-424b-9868-57a2d4851a1d" relativeResultsDirectory="2203b8bd-340e-4ca9-b0be-f7386d76e704" />
    <UnitTestResult executionId="81a7fa4c-08ba-4fc5-92a6-1ebba8f070ef" testId="6e73292b-6fde-3b5f-089b-a32c0fb62348" testName="EventManagement.Api.IntegrationTests.AuthControllerTests.Cors_allows_configured_frontend_credentials_but_not_unknown_origins" computerName="Stan-MacBook-Pro" duration="00:00:00.0029513" startTime="2026-08-14T03:12:21.0901050+00:00" endTime="2026-08-14T03:12:21.0924060+00:00" testType="13cdc9d9-ddb5-4fa4-a97d-d965ccfc6d4b" outcome="Passed" testListId="8c84fa94-04c1-424b-9868-57a2d4851a1d" relativeResultsDirectory="81a7fa4c-08ba-4fc5-92a6-1ebba8f070ef" />
    <UnitTestResult executionId="75bc5b78-e3aa-4858-85c0-dcb8c223e4ac" testId="906fe0e3-25ed-5217-3522-b833137d17f3" testName="EventManagement.Api.IntegrationTests.EventsControllerTests.Organizer_cannot_modify_another_organizers_event(operation: &quot;update&quot;)" computerName="Stan-MacBook-Pro" duration="00:00:02.4394381" startTime="2026-08-14T03:10:35.3452660+00:00" endTime="2026-08-14T03:10:37.7838690+00:00" testType="13cdc9d9-ddb5-4fa4-a97d-d965ccfc6d4b" outcome="Passed" testListId="8c84fa94-04c1-424b-9868-57a2d4851a1d" relativeResultsDirectory="75bc5b78-e3aa-4858-85c0-dcb8c223e4ac" />
    <UnitTestResult executionId="57b8d7e0-fedb-43ae-a197-8849024dcb6b" testId="781ec232-9850-23aa-9e23-7ebbd2ebe522" testName="EventManagement.Api.IntegrationTests.AuthControllerTests.Invalid_or_missing_token_is_rejected_with_401(token: &quot;&quot;)" computerName="Stan-MacBook-Pro" duration="00:00:00.3594441" startTime="2026-08-14T03:12:29.3848180+00:00" endTime="2026-08-14T03:12:29.7438620+00:00" testType="13cdc9d9-ddb5-4fa4-a97d-d965ccfc6d4b" outcome="Passed" testListId="8c84fa94-04c1-424b-9868-57a2d4851a1d" relativeResultsDirectory="57b8d7e0-fedb-43ae-a197-8849024dcb6b" />
    <UnitTestResult executionId="b1a06592-8a6d-4fb0-bcda-4c120607aae8" testId="333498ad-7735-f51d-3e0c-3ccd46483485" testName="EventManagement.Api.IntegrationTests.BookingRequestsControllerTests.Two_simultaneous_accepts_create_one_draft_and_one_conflict" computerName="Stan-MacBook-Pro" duration="00:00:01.6370195" startTime="2026-08-14T03:11:58.4088020+00:00" endTime="2026-08-14T03:12:00.0446830+00:00" testType="13cdc9d9-ddb5-4fa4-a97d-d965ccfc6d4b" outcome="Passed" testListId="8c84fa94-04c1-424b-9868-57a2d4851a1d" relativeResultsDirectory="b1a06592-8a6d-4fb0-bcda-4c120607aae8" />
    <UnitTestResult executionId="001a9e38-3f1a-42d8-b6e2-b65269d89ff7" testId="91cda817-ebd5-daee-7549-e6ece1bf49fe" testName="EventManagement.Api.IntegrationTests.AuthRateLimitTests.Login_is_limited_by_forwarded_client_IP" computerName="Stan-MacBook-Pro" duration="00:00:00.3877201" startTime="2026-08-14T03:11:16.0475260+00:00" endTime="2026-08-14T03:11:16.4345850+00:00" testType="13cdc9d9-ddb5-4fa4-a97d-d965ccfc6d4b" outcome="Passed" testListId="8c84fa94-04c1-424b-9868-57a2d4851a1d" relativeResultsDirectory="001a9e38-3f1a-42d8-b6e2-b65269d89ff7" />
    <UnitTestResult executionId="c1852b28-955f-4fd8-a3f0-535bc073a3be" testId="23488254-cdb3-0d1d-1610-3860d9983204" testName="EventManagement.Api.IntegrationTests.EventsControllerTests.Organizer_cannot_modify_another_organizers_event(operation: &quot;delete&quot;)" computerName="Stan-MacBook-Pro" duration="00:00:02.4534474" startTime="2026-08-14T03:10:37.7858770+00:00" endTime="2026-08-14T03:10:40.2378810+00:00" testType="13cdc9d9-ddb5-4fa4-a97d-d965ccfc6d4b" outcome="Passed" testListId="8c84fa94-04c1-424b-9868-57a2d4851a1d" relativeResultsDirectory="c1852b28-955f-4fd8-a3f0-535bc073a3be" />
    <UnitTestResult executionId="a7d52ea3-50a5-4c15-b916-568653c0cf5e" testId="24fa6338-1ae5-1f08-3d05-b9e3fe5ca43a" testName="EventManagement.Api.IntegrationTests.PaymentsControllerTests.Pending_paid_checkout_reserves_the_last_place" computerName="Stan-MacBook-Pro" duration="00:00:01.4745965" startTime="2026-08-14T03:12:46.2825680+00:00" endTime="2026-08-14T03:12:47.7590930+00:00" testType="13cdc9d9-ddb5-4fa4-a97d-d965ccfc6d4b" outcome="Failed" testListId="8c84fa94-04c1-424b-9868-57a2d4851a1d" relativeResultsDirectory="a7d52ea3-50a5-4c15-b916-568653c0cf5e">
      <Output>
        <ErrorInfo>
          <Message>System.Net.Http.HttpRequestException : Response status code does not indicate success: 409 (Conflict).</Message>
          <StackTrace>   at System.Net.Http.HttpResponseMessage.EnsureSuccessStatusCode()
   at EventManagement.Api.IntegrationTests.PaymentsControllerTests.Pending_paid_checkout_reserves_the_last_place() in /Users/mac/Desktop/ems/backend/EventManagement.Api.IntegrationTests/PaymentsControllerTests.cs:line 76
--- End of stack trace from previous location ---</StackTrace>
        </ErrorInfo>
      </Output>
    </UnitTestResult>
    <UnitTestResult executionId="3bbf4d1c-78de-4d20-8a46-2e35206cb25c" testId="dda71559-3401-5a55-8386-364101e5b3a3" testName="EventManagement.Api.IntegrationTests.AuthControllerTests.Expired_session_cookie_is_rejected" computerName="Stan-MacBook-Pro" duration="00:00:00.6606619" startTime="2026-08-14T03:12:30.1007490+00:00" endTime="2026-08-14T03:12:30.7606200+00:00" testType="13cdc9d9-ddb5-4fa4-a97d-d965ccfc6d4b" outcome="Passed" testListId="8c84fa94-04c1-424b-9868-57a2d4851a1d" relativeResultsDirectory="3bbf4d1c-78de-4d20-8a46-2e35206cb25c" />
    <UnitTestResult executionId="ee9b7bed-e8c8-4522-aaf5-757203ee4693" testId="76c27fc2-ec3d-57ad-9319-491c826e12e4" testName="EventManagement.Api.IntegrationTests.EmailOutboxControllerTests.Password_reset_dead_letter_cannot_be_retried" computerName="Stan-MacBook-Pro" duration="00:00:00.7812399" startTime="2026-08-14T03:11:11.3122010+00:00" endTime="2026-08-14T03:11:12.0922960+00:00" testType="13cdc9d9-ddb5-4fa4-a97d-d965ccfc6d4b" outcome="Passed" testListId="8c84fa94-04c1-424b-9868-57a2d4851a1d" relativeResultsDirectory="ee9b7bed-e8c8-4522-aaf5-757203ee4693" />
    <UnitTestResult executionId="0ae23198-60e6-454f-8b68-6397181d07a7" testId="171896ba-abb2-c0f0-d5f9-f80dc37c1a36" testName="EventManagement.Api.IntegrationTests.AuthControllerTests.Authenticated_non_admin_is_forbidden_from_admin_endpoint(role: &quot;Student&quot;)" computerName="Stan-MacBook-Pro" duration="00:00:00.8388434" startTime="2026-08-14T03:12:25.3433830+00:00" endTime="2026-08-14T03:12:26.1815950+00:00" testType="13cdc9d9-ddb5-4fa4-a97d-d965ccfc6d4b" outcome="Passed" testListId="8c84fa94-04c1-424b-9868-57a2d4851a1d" relativeResultsDirectory="0ae23198-60e6-454f-8b68-6397181d07a7" />
    <UnitTestResult executionId="49319076-845a-4546-ba9c-6925e07b1b79" testId="71e0e793-efcc-f854-a0d5-33d235cdb7a9" testName="EventManagement.Api.IntegrationTests.EventsControllerTests.Attendance_rejects_student_registration_that_does_not_belong_to_event" computerName="Stan-MacBook-Pro" duration="00:00:01.7938574" startTime="2026-08-14T03:10:17.5568630+00:00" endTime="2026-08-14T03:10:19.3488170+00:00" testType="13cdc9d9-ddb5-4fa4-a97d-d965ccfc6d4b" outcome="Passed" testListId="8c84fa94-04c1-424b-9868-57a2d4851a1d" relativeResultsDirectory="49319076-845a-4546-ba9c-6925e07b1b79" />
    <UnitTestResult executionId="d02e1ecd-fd27-4caf-8809-120c8e58ba70" testId="9559dfc8-9482-9cff-f77a-58149389f85a" testName="EventManagement.Api.IntegrationTests.UploadsControllerTests.Profile_upload_is_owner_scoped_claimed_and_superseded_atomically" computerName="Stan-MacBook-Pro" duration="00:00:00.8840257" startTime="2026-08-14T03:11:27.0164350+00:00" endTime="2026-08-14T03:11:27.8995340+00:00" testType="13cdc9d9-ddb5-4fa4-a97d-d965ccfc6d4b" outcome="Passed" testListId="8c84fa94-04c1-424b-9868-57a2d4851a1d" relativeResultsDirectory="d02e1ecd-fd27-4caf-8809-120c8e58ba70" />
    <UnitTestResult executionId="935fea9d-bfde-43bd-bbb7-8c48d9a08c00" testId="4650c327-26ee-a18d-f66c-04db93568805" testName="EventManagement.Api.IntegrationTests.EventsControllerTests.Registration_is_rejected_after_capacity_is_reached" computerName="Stan-MacBook-Pro" duration="00:00:01.5087934" startTime="2026-08-14T03:10:29.9756200+00:00" endTime="2026-08-14T03:10:31.4829460+00:00" testType="13cdc9d9-ddb5-4fa4-a97d-d965ccfc6d4b" outcome="Passed" testListId="8c84fa94-04c1-424b-9868-57a2d4851a1d" relativeResultsDirectory="935fea9d-bfde-43bd-bbb7-8c48d9a08c00" />
    <UnitTestResult executionId="d3ff47a8-7b03-43e5-9212-aa6405317f02" testId="fc235499-8091-9d34-3250-4b405ecc19a6" testName="EventManagement.Api.IntegrationTests.EmailOutboxControllerTests.Admin_can_list_and_retry_a_safe_failed_message" computerName="Stan-MacBook-Pro" duration="00:00:00.8108786" startTime="2026-08-14T03:11:12.0932130+00:00" endTime="2026-08-14T03:11:12.9034460+00:00" testType="13cdc9d9-ddb5-4fa4-a97d-d965ccfc6d4b" outcome="Passed" testListId="8c84fa94-04c1-424b-9868-57a2d4851a1d" relativeResultsDirectory="d3ff47a8-7b03-43e5-9212-aa6405317f02" />
    <UnitTestResult executionId="ff8079d5-63c3-4bbc-bf05-cf69d70ae3be" testId="288c3966-f064-1bbc-51f3-c06e92ca1885" testName="EventManagement.Api.IntegrationTests.EventsControllerTests.Admin_can_transfer_event_ownership_to_an_active_organizer" computerName="Stan-MacBook-Pro" duration="00:00:02.9296889" startTime="2026-08-14T03:10:22.6495690+00:00" endTime="2026-08-14T03:10:25.5775760+00:00" testType="13cdc9d9-ddb5-4fa4-a97d-d965ccfc6d4b" outcome="Passed" testListId="8c84fa94-04c1-424b-9868-57a2d4851a1d" relativeResultsDirectory="ff8079d5-63c3-4bbc-bf05-cf69d70ae3be" />
    <UnitTestResult executionId="c4895174-143f-499c-9c1c-47f3a6367966" testId="3747680d-75a6-9615-162d-a9638a0effd7" testName="EventManagement.Api.IntegrationTests.EventsControllerTests.Hybrid_event_requires_an_online_meeting_link" computerName="Stan-MacBook-Pro" duration="00:00:01.4231993" startTime="2026-08-14T03:10:28.5511930+00:00" endTime="2026-08-14T03:10:29.9736700+00:00" testType="13cdc9d9-ddb5-4fa4-a97d-d965ccfc6d4b" outcome="Passed" testListId="8c84fa94-04c1-424b-9868-57a2d4851a1d" relativeResultsDirectory="c4895174-143f-499c-9c1c-47f3a6367966" />
    <UnitTestResult executionId="e81693a2-3050-4d4b-9a1d-6772586d9b6d" testId="80052fa1-5217-0f06-20a3-2cae6516e4c5" testName="EventManagement.Api.IntegrationTests.AuthControllerTests.State_changing_request_rejects_invalid_csrf_token" computerName="Stan-MacBook-Pro" duration="00:00:00.0077669" startTime="2026-08-14T03:12:19.6119150+00:00" endTime="2026-08-14T03:12:19.6194360+00:00" testType="13cdc9d9-ddb5-4fa4-a97d-d965ccfc6d4b" outcome="Passed" testListId="8c84fa94-04c1-424b-9868-57a2d4851a1d" relativeResultsDirectory="e81693a2-3050-4d4b-9a1d-6772586d9b6d" />
    <UnitTestResult executionId="e96461af-17db-41a4-9ada-4af3399af3bc" testId="8e411200-d70c-d97b-1456-a800e492db13" testName="EventManagement.Api.IntegrationTests.VotingControllerTests.Free_vote_is_limited_to_one_per_student_and_results_hide_until_close" computerName="Stan-MacBook-Pro" duration="00:00:02.1330497" startTime="2026-08-14T03:11:30.2582070+00:00" endTime="2026-08-14T03:11:32.3909810+00:00" testType="13cdc9d9-ddb5-4fa4-a97d-d965ccfc6d4b" outcome="Passed" testListId="8c84fa94-04c1-424b-9868-57a2d4851a1d" relativeResultsDirectory="e96461af-17db-41a4-9ada-4af3399af3bc" />
    <UnitTestResult executionId="649ff43b-7d23-4f99-baf8-594849581361" testId="beffd048-0523-aeed-20b4-3662498ab5c5" testName="EventManagement.Api.IntegrationTests.EventsControllerTests.Organizer_can_create_and_read_a_hybrid_event" computerName="Stan-MacBook-Pro" duration="00:00:01.4522361" startTime="2026-08-14T03:10:49.1905270+00:00" endTime="2026-08-14T03:10:50.6415650+00:00" testType="13cdc9d9-ddb5-4fa4-a97d-d965ccfc6d4b" outcome="Passed" testListId="8c84fa94-04c1-424b-9868-57a2d4851a1d" relativeResultsDirectory="649ff43b-7d23-4f99-baf8-594849581361" />
    <UnitTestResult executionId="452ae451-91c4-4773-9f7b-24282a26c969" testId="e714b895-32e1-37ad-935d-25638728b40c" testName="EventManagement.Api.IntegrationTests.OrganizerApplicationsControllerTests.Admin_approval_changes_role_and_new_login_issues_organizer_JWT" computerName="Stan-MacBook-Pro" duration="00:00:01.6566974" startTime="2026-08-14T03:10:56.8631110+00:00" endTime="2026-08-14T03:10:58.5192960+00:00" testType="13cdc9d9-ddb5-4fa4-a97d-d965ccfc6d4b" outcome="Passed" testListId="8c84fa94-04c1-424b-9868-57a2d4851a1d" relativeResultsDirectory="452ae451-91c4-4773-9f7b-24282a26c969" />
    <UnitTestResult executionId="cec56cfc-0cc7-4596-8c92-96603d66f75f" testId="27410d0a-e75a-8cdf-6a06-e3717830a9c8" testName="EventManagement.Api.IntegrationTests.AuthControllerTests.Expired_token_is_rejected_with_401" computerName="Stan-MacBook-Pro" duration="00:00:00.6838020" startTime="2026-08-14T03:12:28.2998210+00:00" endTime="2026-08-14T03:12:28.9800540+00:00" testType="13cdc9d9-ddb5-4fa4-a97d-d965ccfc6d4b" outcome="Passed" testListId="8c84fa94-04c1-424b-9868-57a2d4851a1d" relativeResultsDirectory="cec56cfc-0cc7-4596-8c92-96603d66f75f" />
    <UnitTestResult executionId="3306bda1-51a6-4e35-b5cd-34279238830d" testId="403e6834-e526-b9f9-0c8c-3aa80627eed2" testName="EventManagement.Api.IntegrationTests.EventsControllerTests.Attendance_permission_matrix(actorKind: &quot;Admin&quot;, expected: NoContent)" computerName="Stan-MacBook-Pro" duration="00:00:02.1899821" startTime="2026-08-14T03:10:13.8497860+00:00" endTime="2026-08-14T03:10:16.0369080+00:00" testType="13cdc9d9-ddb5-4fa4-a97d-d965ccfc6d4b" outcome="Passed" testListId="8c84fa94-04c1-424b-9868-57a2d4851a1d" relativeResultsDirectory="3306bda1-51a6-4e35-b5cd-34279238830d" />
    <UnitTestResult executionId="d83ae622-ab94-49da-bf9b-4fa890052e3b" testId="1d7e1e2b-136c-6a9d-e345-6fb2fb2945c1" testName="EventManagement.Api.IntegrationTests.BookingRequestsControllerTests.Closed_request_cannot_return_to_under_review" computerName="Stan-MacBook-Pro" duration="00:00:00.7612854" startTime="2026-08-14T03:11:55.0669870+00:00" endTime="2026-08-14T03:11:55.8276560+00:00" testType="13cdc9d9-ddb5-4fa4-a97d-d965ccfc6d4b" outcome="Passed" testListId="8c84fa94-04c1-424b-9868-57a2d4851a1d" relativeResultsDirectory="d83ae622-ab94-49da-bf9b-4fa890052e3b" />
    <UnitTestResult executionId="71c42a8b-8ee8-4231-825c-9d6dce4f1ca7" testId="eb45ab1b-1279-4e28-26dc-8a040140cabf" testName="EventManagement.Api.IntegrationTests.AuthControllerTests.Password_reset_revokes_existing_sessions" computerName="Stan-MacBook-Pro" duration="00:00:01.3096199" startTime="2026-08-14T03:12:30.7615210+00:00" endTime="2026-08-14T03:12:32.0705320+00:00" testType="13cdc9d9-ddb5-4fa4-a97d-d965ccfc6d4b" outcome="Passed" testListId="8c84fa94-04c1-424b-9868-57a2d4851a1d" relativeResultsDirectory="71c42a8b-8ee8-4231-825c-9d6dce4f1ca7" />
    <UnitTestResult executionId="fb15cd32-391b-44d7-9080-af97214c0012" testId="83d69d66-155f-518c-463d-d1dc84632cb6" testName="EventManagement.Api.IntegrationTests.OrganizerApplicationsControllerTests.Admin_can_reject_application_without_changing_student_role" computerName="Stan-MacBook-Pro" duration="00:00:01.4064905" startTime="2026-08-14T03:11:05.2636470+00:00" endTime="2026-08-14T03:11:06.6693090+00:00" testType="13cdc9d9-ddb5-4fa4-a97d-d965ccfc6d4b" outcome="Passed" testListId="8c84fa94-04c1-424b-9868-57a2d4851a1d" relativeResultsDirectory="fb15cd32-391b-44d7-9080-af97214c0012" />
    <UnitTestResult executionId="2048e812-3df9-4229-b88d-81d70f917dea" testId="6c9e129e-2328-a4c0-a7f7-3919d2831036" testName="EventManagement.Api.IntegrationTests.AuthControllerTests.Logout_expires_cookie_and_clears_authenticated_session" computerName="Stan-MacBook-Pro" duration="00:00:00.6987019" startTime="2026-08-14T03:12:27.5993950+00:00" endTime="2026-08-14T03:12:28.2960010+00:00" testType="13cdc9d9-ddb5-4fa4-a97d-d965ccfc6d4b" outcome="Passed" testListId="8c84fa94-04c1-424b-9868-57a2d4851a1d" relativeResultsDirectory="2048e812-3df9-4229-b88d-81d70f917dea" />
    <UnitTestResult executionId="fc3e9f90-288c-4828-8e43-64878aaaa438" testId="f13cf877-31fc-5f9b-7d64-768a542f9e8f" testName="EventManagement.Api.IntegrationTests.EventsControllerTests.Concurrent_event_edits_reject_the_stale_version" computerName="Stan-MacBook-Pro" duration="00:00:01.5171486" startTime="2026-08-14T03:10:16.0396470+00:00" endTime="2026-08-14T03:10:17.5545340+00:00" testType="13cdc9d9-ddb5-4fa4-a97d-d965ccfc6d4b" outcome="Passed" testListId="8c84fa94-04c1-424b-9868-57a2d4851a1d" relativeResultsDirectory="fc3e9f90-288c-4828-8e43-64878aaaa438" />
    <UnitTestResult executionId="8b226680-c975-4b03-b675-24a8f7b73c4f" testId="82024d44-ebd4-38e1-48b4-5fea35827678" testName="EventManagement.Api.IntegrationTests.OrganizerApplicationsControllerTests.Student_can_submit_once_but_second_pending_application_is_rejected" computerName="Stan-MacBook-Pro" duration="00:00:00.7575342" startTime="2026-08-14T03:11:04.5058510+00:00" endTime="2026-08-14T03:11:05.2623360+00:00" testType="13cdc9d9-ddb5-4fa4-a97d-d965ccfc6d4b" outcome="Passed" testListId="8c84fa94-04c1-424b-9868-57a2d4851a1d" relativeResultsDirectory="8b226680-c975-4b03-b675-24a8f7b73c4f" />
    <UnitTestResult executionId="ad392497-ee97-4b9a-b657-c683850d179e" testId="751f1f93-3cf5-e34a-9f4a-93499d8b5f83" testName="EventManagement.Api.IntegrationTests.UsersControllerTests.Admin_can_demote_an_organizer_with_upcoming_events_to_student" computerName="Stan-MacBook-Pro" duration="00:00:01.6627747" startTime="2026-08-14T03:12:37.2506980+00:00" endTime="2026-08-14T03:12:38.9133380+00:00" testType="13cdc9d9-ddb5-4fa4-a97d-d965ccfc6d4b" outcome="Passed" testListId="8c84fa94-04c1-424b-9868-57a2d4851a1d" relativeResultsDirectory="ad392497-ee97-4b9a-b657-c683850d179e" />
    <UnitTestResult executionId="025fd05f-5992-4877-96d5-c2face22b9ad" testId="9591cf70-912a-be29-7428-692cd06a4c0a" testName="EventManagement.Api.IntegrationTests.EmailOutboxControllerTests.Non_admin_cannot_view_dead_letters" computerName="Stan-MacBook-Pro" duration="00:00:00.7769860" startTime="2026-08-14T03:11:10.5345180+00:00" endTime="2026-08-14T03:11:11.3107070+00:00" testType="13cdc9d9-ddb5-4fa4-a97d-d965ccfc6d4b" outcome="Passed" testListId="8c84fa94-04c1-424b-9868-57a2d4851a1d" relativeResultsDirectory="025fd05f-5992-4877-96d5-c2face22b9ad" />
    <UnitTestResult executionId="6c4a9515-9d2b-47af-ad27-1e285a04f3ee" testId="f5009894-f404-d998-2978-734381e80a38" testName="EventManagement.Api.IntegrationTests.EventsControllerTests.Attendance_permission_matrix(actorKind: &quot;OtherOrganizer&quot;, expected: Forbidden)" computerName="Stan-MacBook-Pro" duration="00:00:02.8851492" startTime="2026-08-14T03:10:10.9664590+00:00" endTime="2026-08-14T03:10:13.8465490+00:00" testType="13cdc9d9-ddb5-4fa4-a97d-d965ccfc6d4b" outcome="Passed" testListId="8c84fa94-04c1-424b-9868-57a2d4851a1d" relativeResultsDirectory="6c4a9515-9d2b-47af-ad27-1e285a04f3ee" />
    <UnitTestResult executionId="d0e51d4c-cf2a-4e3a-ac2e-965f48daaeb3" testId="e9868102-2d42-f43b-a7b8-cb24de956796" testName="EventManagement.Api.IntegrationTests.PaymentsControllerTests.Paid_event_cannot_be_registered_through_the_free_endpoint" computerName="Stan-MacBook-Pro" duration="00:00:01.0814613" startTime="2026-08-14T03:12:45.2003490+00:00" endTime="2026-08-14T03:12:46.2812350+00:00" testType="13cdc9d9-ddb5-4fa4-a97d-d965ccfc6d4b" outcome="Passed" testListId="8c84fa94-04c1-424b-9868-57a2d4851a1d" relativeResultsDirectory="d0e51d4c-cf2a-4e3a-ac2e-965f48daaeb3" />
    <UnitTestResult executionId="9c5e0624-6a94-4809-a09a-45ee346622e2" testId="b9108e3c-ff88-9f8e-0cbe-cfe2ca40ec3b" testName="EventManagement.Api.IntegrationTests.EventsControllerTests.Event_cover_image_URL_round_trips_through_create_and_read" computerName="Stan-MacBook-Pro" duration="00:00:01.5839882" startTime="2026-08-14T03:10:47.6061740+00:00" endTime="2026-08-14T03:10:49.1890010+00:00" testType="13cdc9d9-ddb5-4fa4-a97d-d965ccfc6d4b" outcome="Passed" testListId="8c84fa94-04c1-424b-9868-57a2d4851a1d" relativeResultsDirectory="9c5e0624-6a94-4809-a09a-45ee346622e2" />
    <UnitTestResult executionId="b1bb983f-8f0a-491f-bc4e-2262c41faea1" testId="f1eff915-08f7-e4ff-41dc-2503fb618fba" testName="EventManagement.Api.IntegrationTests.OrganizerApplicationsControllerTests.Non_admin_cannot_review_application(role: &quot;Student&quot;, action: &quot;approve&quot;)" computerName="Stan-MacBook-Pro" duration="00:00:01.0668141" startTime="2026-08-14T03:11:03.4390330+00:00" endTime="2026-08-14T03:11:04.5045290+00:00" testType="13cdc9d9-ddb5-4fa4-a97d-d965ccfc6d4b" outcome="Passed" testListId="8c84fa94-04c1-424b-9868-57a2d4851a1d" relativeResultsDirectory="b1bb983f-8f0a-491f-bc4e-2262c41faea1" />
    <UnitTestResult executionId="8b96e1a3-c20f-4240-a6f3-bb5c040ee47e" testId="d20eee7b-0461-74a5-c1fd-2ef83068c911" testName="EventManagement.Api.IntegrationTests.VotingControllerTests.Organizer_cannot_manage_another_organizers_campaign" computerName="Stan-MacBook-Pro" duration="00:00:02.3858147" startTime="2026-08-14T03:11:32.3920320+00:00" endTime="2026-08-14T03:11:34.7770710+00:00" testType="13cdc9d9-ddb5-4fa4-a97d-d965ccfc6d4b" outcome="Passed" testListId="8c84fa94-04c1-424b-9868-57a2d4851a1d" relativeResultsDirectory="8b96e1a3-c20f-4240-a6f3-bb5c040ee47e" />
    <UnitTestResult executionId="c04113ad-7ad0-4df7-9517-d467668c7bef" testId="cc150449-e5eb-26d5-29e1-a9d420b836b1" testName="EventManagement.Api.IntegrationTests.UploadsControllerTests.Anonymous_profile_upload_is_rejected_before_file_processing" computerName="Stan-MacBook-Pro" duration="00:00:00.4087436" startTime="2026-08-14T03:11:26.6075050+00:00" endTime="2026-08-14T03:11:27.0151780+00:00" testType="13cdc9d9-ddb5-4fa4-a97d-d965ccfc6d4b" outcome="Passed" testListId="8c84fa94-04c1-424b-9868-57a2d4851a1d" relativeResultsDirectory="c04113ad-7ad0-4df7-9517-d467668c7bef" />
    <UnitTestResult executionId="8ef92595-1251-47a2-aee6-8eab3754d606" testId="97dfccc8-a116-78be-5905-9e3452c3d36f" testName="EventManagement.Api.IntegrationTests.EventsControllerTests.Attendance_permission_matrix(actorKind: &quot;Owner&quot;, expected: NoContent)" computerName="Stan-MacBook-Pro" duration="00:00:02.1701692" startTime="2026-08-14T03:10:08.8212090+00:00" endTime="2026-08-14T03:10:10.9612180+00:00" testType="13cdc9d9-ddb5-4fa4-a97d-d965ccfc6d4b" outcome="Passed" testListId="8c84fa94-04c1-424b-9868-57a2d4851a1d" relativeResultsDirectory="8ef92595-1251-47a2-aee6-8eab3754d606" />
    <UnitTestResult executionId="a8729fbd-ddc9-484f-8cc4-266a06a09cd1" testId="327642f8-4ce0-0af7-fbad-b2f90c535036" testName="EventManagement.Api.IntegrationTests.EventsControllerTests.Admin_can_modify_any_organizers_event(operation: &quot;update&quot;)" computerName="Stan-MacBook-Pro" duration="00:00:01.8303860" startTime="2026-08-14T03:10:44.6428000+00:00" endTime="2026-08-14T03:10:46.4713030+00:00" testType="13cdc9d9-ddb5-4fa4-a97d-d965ccfc6d4b" outcome="Passed" testListId="8c84fa94-04c1-424b-9868-57a2d4851a1d" relativeResultsDirectory="a8729fbd-ddc9-484f-8cc4-266a06a09cd1" />
    <UnitTestResult executionId="8014db00-7028-4d6e-85d0-685e937abaa8" testId="c44e1dfc-cb59-5c29-2f75-e78648e988fc" testName="EventManagement.Api.IntegrationTests.OrganizerApplicationsControllerTests.Non_admin_cannot_review_application(role: &quot;Organizer&quot;, action: &quot;reject&quot;)" computerName="Stan-MacBook-Pro" duration="00:00:02.0200093" startTime="2026-08-14T03:10:59.6671110+00:00" endTime="2026-08-14T03:11:01.6851240+00:00" testType="13cdc9d9-ddb5-4fa4-a97d-d965ccfc6d4b" outcome="Passed" testListId="8c84fa94-04c1-424b-9868-57a2d4851a1d" relativeResultsDirectory="8014db00-7028-4d6e-85d0-685e937abaa8" />
    <UnitTestResult executionId="5395ba40-46cc-4697-b1c6-2f92921467ad" testId="4aaeb034-b7ad-6ae1-e425-2e1056d4393c" testName="EventManagement.Api.IntegrationTests.AuthControllerTests.Invalid_or_missing_token_is_rejected_with_401(token: &quot;invalid-token&quot;)" computerName="Stan-MacBook-Pro" duration="00:00:00.3554337" startTime="2026-08-14T03:12:29.7450900+00:00" endTime="2026-08-14T03:12:30.0996290+00:00" testType="13cdc9d9-ddb5-4fa4-a97d-d965ccfc6d4b" outcome="Passed" testListId="8c84fa94-04c1-424b-9868-57a2d4851a1d" relativeResultsDirectory="5395ba40-46cc-4697-b1c6-2f92921467ad" />
    <UnitTestResult executionId="072241ed-dca1-4211-b374-86203d07715b" testId="1b741055-2229-6ff7-f67d-a48324df2f41" testName="EventManagement.Api.IntegrationTests.EventsControllerTests.Organizer_cannot_transfer_event_ownership" computerName="Stan-MacBook-Pro" duration="00:00:02.5468143" startTime="2026-08-14T03:10:40.2401930+00:00" endTime="2026-08-14T03:10:42.7851950+00:00" testType="13cdc9d9-ddb5-4fa4-a97d-d965ccfc6d4b" outcome="Passed" testListId="8c84fa94-04c1-424b-9868-57a2d4851a1d" relativeResultsDirectory="072241ed-dca1-4211-b374-86203d07715b" />
    <UnitTestResult executionId="9b46561e-600b-4619-b436-f8188c77bfb5" testId="d2194f7c-c801-7b91-c9de-13809268abbe" testName="EventManagement.Api.IntegrationTests.AdminAuditLogsControllerTests.Non_admin_cannot_read_audit_log" computerName="Stan-MacBook-Pro" duration="00:00:00.6927369" startTime="2026-08-14T03:11:47.5002270+00:00" endTime="2026-08-14T03:11:48.1929570+00:00" testType="13cdc9d9-ddb5-4fa4-a97d-d965ccfc6d4b" outcome="Passed" testListId="8c84fa94-04c1-424b-9868-57a2d4851a1d" relativeResultsDirectory="9b46561e-600b-4619-b436-f8188c77bfb5" />
    <UnitTestResult executionId="1dd1d875-9fb5-4a7b-a617-083882266839" testId="811f7a67-058d-5dde-1b68-7cb52c1c22e5" testName="EventManagement.Api.IntegrationTests.AuthControllerTests.Forgot_password_returns_same_message_for_known_and_unknown_email" computerName="Stan-MacBook-Pro" duration="00:00:00.7276390" startTime="2026-08-14T03:12:32.0713460+00:00" endTime="2026-08-14T03:12:32.7984040+00:00" testType="13cdc9d9-ddb5-4fa4-a97d-d965ccfc6d4b" outcome="Passed" testListId="8c84fa94-04c1-424b-9868-57a2d4851a1d" relativeResultsDirectory="1dd1d875-9fb5-4a7b-a617-083882266839" />
    <UnitTestResult executionId="ec4a2210-443f-400b-8035-b24dc8b1620c" testId="358968c8-7b3f-d090-e5f2-0093ccbd9fe3" testName="EventManagement.Api.IntegrationTests.ReportsControllerTests.Event_reports_are_aggregated_and_paginated_in_one_endpoint" computerName="Stan-MacBook-Pro" duration="00:00:02.1832745" startTime="2026-08-14T03:11:21.0734630+00:00" endTime="2026-08-14T03:11:23.2559920+00:00" testType="13cdc9d9-ddb5-4fa4-a97d-d965ccfc6d4b" outcome="Passed" testListId="8c84fa94-04c1-424b-9868-57a2d4851a1d" relativeResultsDirectory="ec4a2210-443f-400b-8035-b24dc8b1620c" />
    <UnitTestResult executionId="34bb2c81-d9c3-4a2e-a054-6686309d618c" testId="b3c98622-e804-eb04-2b3f-1168512f9793" testName="EventManagement.Api.IntegrationTests.AuthControllerTests.Authenticated_non_admin_is_forbidden_from_admin_endpoint(role: &quot;Organizer&quot;)" computerName="Stan-MacBook-Pro" duration="00:00:01.4150669" startTime="2026-08-14T03:12:26.1828320+00:00" endTime="2026-08-14T03:12:27.5969930+00:00" testType="13cdc9d9-ddb5-4fa4-a97d-d965ccfc6d4b" outcome="Passed" testListId="8c84fa94-04c1-424b-9868-57a2d4851a1d" relativeResultsDirectory="34bb2c81-d9c3-4a2e-a054-6686309d618c" />
    <UnitTestResult executionId="f0caecb8-8a1f-4f80-afe3-5b1b981f9ff6" testId="7291b1fe-a0cb-37b8-13af-09a0ccc177cd" testName="EventManagement.Api.IntegrationTests.OrganizerApplicationsControllerTests.Non_admin_cannot_review_application(role: &quot;Organizer&quot;, action: &quot;approve&quot;)" computerName="Stan-MacBook-Pro" duration="00:00:01.7519472" startTime="2026-08-14T03:11:01.6865750+00:00" endTime="2026-08-14T03:11:03.4374020+00:00" testType="13cdc9d9-ddb5-4fa4-a97d-d965ccfc6d4b" outcome="Passed" testListId="8c84fa94-04c1-424b-9868-57a2d4851a1d" relativeResultsDirectory="f0caecb8-8a1f-4f80-afe3-5b1b981f9ff6" />
    <UnitTestResult executionId="05fd9c58-24bc-4a30-8b57-5c47aff4d15c" testId="4b3bc1e7-94a0-6f5f-a8f4-c068092417fb" testName="EventManagement.Api.IntegrationTests.EventsControllerTests.Organizer_cannot_view_another_organizers_registrants" computerName="Stan-MacBook-Pro" duration="00:00:03.2981204" startTime="2026-08-14T03:10:19.3507290+00:00" endTime="2026-08-14T03:10:22.6475590+00:00" testType="13cdc9d9-ddb5-4fa4-a97d-d965ccfc6d4b" outcome="Passed" testListId="8c84fa94-04c1-424b-9868-57a2d4851a1d" relativeResultsDirectory="05fd9c58-24bc-4a30-8b57-5c47aff4d15c" />
    <UnitTestResult executionId="af47f607-722a-4311-8233-0cee16d35a67" testId="094700fb-be01-4d82-42ec-242cfbc97375" testName="EventManagement.Api.IntegrationTests.PaymentsControllerTests.Paystack_webhook_rejects_invalid_signature" computerName="Stan-MacBook-Pro" duration="00:00:00.3942750" startTime="2026-08-14T03:12:44.8055440+00:00" endTime="2026-08-14T03:12:45.1994760+00:00" testType="13cdc9d9-ddb5-4fa4-a97d-d965ccfc6d4b" outcome="Passed" testListId="8c84fa94-04c1-424b-9868-57a2d4851a1d" relativeResultsDirectory="af47f607-722a-4311-8233-0cee16d35a67" />
    <UnitTestResult executionId="e9267d1a-e124-4b7b-a017-cdba1670a6c3" testId="f74e5ad8-16b8-419e-43fb-4e39898da659" testName="EventManagement.Api.IntegrationTests.PaymentsControllerTests.Paid_event_requires_verified_webhook_before_registration" computerName="Stan-MacBook-Pro" duration="00:00:01.0773746" startTime="2026-08-14T03:12:47.7662520+00:00" endTime="2026-08-14T03:12:48.8363990+00:00" testType="13cdc9d9-ddb5-4fa4-a97d-d965ccfc6d4b" outcome="Failed" testListId="8c84fa94-04c1-424b-9868-57a2d4851a1d" relativeResultsDirectory="e9267d1a-e124-4b7b-a017-cdba1670a6c3">
      <Output>
        <ErrorInfo>
          <Message>System.Net.Http.HttpRequestException : Response status code does not indicate success: 409 (Conflict).</Message>
          <StackTrace>   at System.Net.Http.HttpResponseMessage.EnsureSuccessStatusCode()
   at EventManagement.Api.IntegrationTests.PaymentsControllerTests.Paid_event_requires_verified_webhook_before_registration() in /Users/mac/Desktop/ems/backend/EventManagement.Api.IntegrationTests/PaymentsControllerTests.cs:line 36
--- End of stack trace from previous location ---</StackTrace>
        </ErrorInfo>
      </Output>
    </UnitTestResult>
    <UnitTestResult executionId="6e9abe5f-bd0b-4f6f-ac48-d758715af2e2" testId="99b18bdc-9ddd-c3d0-da26-3645da364873" testName="EventManagement.Api.IntegrationTests.AuthControllerTests.Google_login_links_existing_email_without_duplicate_and_uses_same_user_id" computerName="Stan-MacBook-Pro" duration="00:00:01.1014164" startTime="2026-08-14T03:12:22.4895860+00:00" endTime="2026-08-14T03:12:23.5905220+00:00" testType="13cdc9d9-ddb5-4fa4-a97d-d965ccfc6d4b" outcome="Passed" testListId="8c84fa94-04c1-424b-9868-57a2d4851a1d" relativeResultsDirectory="6e9abe5f-bd0b-4f6f-ac48-d758715af2e2" />
    <UnitTestResult executionId="7d0ad990-56ff-4802-b500-848a93c494b4" testId="65696321-0f9a-3a34-8dc1-8771897969c1" testName="EventManagement.Api.IntegrationTests.AuthControllerTests.Login_issues_secure_httponly_cross_site_cookie_without_returning_token" computerName="Stan-MacBook-Pro" duration="00:00:00.9910764" startTime="2026-08-14T03:12:33.7879440+00:00" endTime="2026-08-14T03:12:34.7785980+00:00" testType="13cdc9d9-ddb5-4fa4-a97d-d965ccfc6d4b" outcome="Passed" testListId="8c84fa94-04c1-424b-9868-57a2d4851a1d" relativeResultsDirectory="7d0ad990-56ff-4802-b500-848a93c494b4" />
    <UnitTestResult executionId="8e2f5185-cb30-4ca1-bd82-5dcd4c10919d" testId="15832fa4-d2e8-dba4-7d64-cdc3829cd8d7" testName="EventManagement.Api.IntegrationTests.BookingRequestsControllerTests.Admin_assigns_and_assigned_organizer_accepts_creating_an_unpublished_draft" computerName="Stan-MacBook-Pro" duration="00:00:01.7853210" startTime="2026-08-14T03:12:00.0455330+00:00" endTime="2026-08-14T03:12:01.8303510+00:00" testType="13cdc9d9-ddb5-4fa4-a97d-d965ccfc6d4b" outcome="Passed" testListId="8c84fa94-04c1-424b-9868-57a2d4851a1d" relativeResultsDirectory="8e2f5185-cb30-4ca1-bd82-5dcd4c10919d" />
    <UnitTestResult executionId="d06af922-ccd7-4c93-8941-54aebc0f8ce2" testId="14bb308a-35b2-8090-bee7-9bcf83c11013" testName="EventManagement.Api.IntegrationTests.EventsControllerTests.Concurrent_registration_at_capacity_never_overbooks" computerName="Stan-MacBook-Pro" duration="00:00:01.4563333" startTime="2026-08-14T03:10:27.0954730+00:00" endTime="2026-08-14T03:10:28.5499320+00:00" testType="13cdc9d9-ddb5-4fa4-a97d-d965ccfc6d4b" outcome="Passed" testListId="8c84fa94-04c1-424b-9868-57a2d4851a1d" relativeResultsDirectory="d06af922-ccd7-4c93-8941-54aebc0f8ce2" />
    <UnitTestResult executionId="4f7e38be-714f-4ac4-bb1b-4fc922302222" testId="c7baa1b7-98e2-27be-87f0-4316568247db" testName="EventManagement.Api.IntegrationTests.TicketsControllerTests.Ticket_cannot_be_used_by_another_event_organizer" computerName="Stan-MacBook-Pro" duration="00:00:02.8882477" startTime="2026-08-14T03:12:10.4742410+00:00" endTime="2026-08-14T03:12:13.3620430+00:00" testType="13cdc9d9-ddb5-4fa4-a97d-d965ccfc6d4b" outcome="Passed" testListId="8c84fa94-04c1-424b-9868-57a2d4851a1d" relativeResultsDirectory="4f7e38be-714f-4ac4-bb1b-4fc922302222" />
    <UnitTestResult executionId="639c3325-cac8-495f-8cd8-106dc26a046b" testId="273dc31e-d1aa-6804-e895-941f90308257" testName="EventManagement.Api.IntegrationTests.AuthControllerTests.Deactivated_users_existing_token_is_rejected_with_401" computerName="Stan-MacBook-Pro" duration="00:00:00.9884431" startTime="2026-08-14T03:12:32.7991920+00:00" endTime="2026-08-14T03:12:33.7871010+00:00" testType="13cdc9d9-ddb5-4fa4-a97d-d965ccfc6d4b" outcome="Passed" testListId="8c84fa94-04c1-424b-9868-57a2d4851a1d" relativeResultsDirectory="639c3325-cac8-495f-8cd8-106dc26a046b" />
    <UnitTestResult executionId="06afabd2-6998-4ddd-9613-942186e67e54" testId="d7bf0636-639c-f117-5c0a-e6e700c101a1" testName="EventManagement.Api.IntegrationTests.BookingRequestsControllerTests.Unassigned_organizer_cannot_respond" computerName="Stan-MacBook-Pro" duration="00:00:01.4166947" startTime="2026-08-14T03:11:53.6500680+00:00" endTime="2026-08-14T03:11:55.0660490+00:00" testType="13cdc9d9-ddb5-4fa4-a97d-d965ccfc6d4b" outcome="Passed" testListId="8c84fa94-04c1-424b-9868-57a2d4851a1d" relativeResultsDirectory="06afabd2-6998-4ddd-9613-942186e67e54" />
    <UnitTestResult executionId="eef67238-06ff-465b-9e65-f5929c756481" testId="9b06281c-67e8-b388-187b-245fe19a0da2" testName="EventManagement.Api.IntegrationTests.CertificatesControllerTests.Certificate_requires_confirmed_attendance" computerName="Stan-MacBook-Pro" duration="00:00:01.8198631" startTime="2026-08-14T03:11:41.6658980+00:00" endTime="2026-08-14T03:11:43.4849520+00:00" testType="13cdc9d9-ddb5-4fa4-a97d-d965ccfc6d4b" outcome="Passed" testListId="8c84fa94-04c1-424b-9868-57a2d4851a1d" relativeResultsDirectory="eef67238-06ff-465b-9e65-f5929c756481" />
    <UnitTestResult executionId="b2beb959-4070-4f30-ba33-30ce66220c56" testId="a2383c4d-d350-1c67-3050-334206d8e7c1" testName="EventManagement.Api.IntegrationTests.UsersControllerTests.Authenticated_user_can_update_own_profile_image_URL" computerName="Stan-MacBook-Pro" duration="00:00:00.7262575" startTime="2026-08-14T03:12:41.5546230+00:00" endTime="2026-08-14T03:12:42.2804400+00:00" testType="13cdc9d9-ddb5-4fa4-a97d-d965ccfc6d4b" outcome="Passed" testListId="8c84fa94-04c1-424b-9868-57a2d4851a1d" relativeResultsDirectory="b2beb959-4070-4f30-ba33-30ce66220c56" />
    <UnitTestResult executionId="625a972f-7a1b-4277-a466-d1b2be9941dc" testId="39b947f2-e60e-9b70-8be6-ffc8a1edb505" testName="EventManagement.Api.IntegrationTests.UsersControllerTests.Organizer_with_upcoming_events_cannot_be_deactivated" computerName="Stan-MacBook-Pro" duration="00:00:01.6511804" startTime="2026-08-14T03:12:39.9036080+00:00" endTime="2026-08-14T03:12:41.5538230+00:00" testType="13cdc9d9-ddb5-4fa4-a97d-d965ccfc6d4b" outcome="Passed" testListId="8c84fa94-04c1-424b-9868-57a2d4851a1d" relativeResultsDirectory="625a972f-7a1b-4277-a466-d1b2be9941dc" />
    <UnitTestResult executionId="526736f2-c80a-4e1d-ad15-3d67881bbd62" testId="297fb06f-1fbb-9826-55b2-ccdf40ed773c" testName="EventManagement.Api.IntegrationTests.AuthControllerTests.Google_login_creates_only_a_Student_for_a_new_email" computerName="Stan-MacBook-Pro" duration="00:00:00.4036921" startTime="2026-08-14T03:12:28.9808780+00:00" endTime="2026-08-14T03:12:29.3839820+00:00" testType="13cdc9d9-ddb5-4fa4-a97d-d965ccfc6d4b" outcome="Passed" testListId="8c84fa94-04c1-424b-9868-57a2d4851a1d" relativeResultsDirectory="526736f2-c80a-4e1d-ad15-3d67881bbd62" />
    <UnitTestResult executionId="4d77376a-78a6-406b-b98b-9c8fda6044d9" testId="5249f82f-49f1-41dc-c5c5-1912fb94cc74" testName="EventManagement.Api.IntegrationTests.AuthRateLimitTests.Login_is_limited_by_account_across_client_IPs" computerName="Stan-MacBook-Pro" duration="00:00:00.4556058" startTime="2026-08-14T03:11:15.5913680+00:00" endTime="2026-08-14T03:11:16.0465860+00:00" testType="13cdc9d9-ddb5-4fa4-a97d-d965ccfc6d4b" outcome="Passed" testListId="8c84fa94-04c1-424b-9868-57a2d4851a1d" relativeResultsDirectory="4d77376a-78a6-406b-b98b-9c8fda6044d9" />
    <UnitTestResult executionId="ac2fb83d-e964-4694-a314-9d63c3148e63" testId="183d73e7-067f-7946-912a-b2a1b1b8f56e" testName="EventManagement.Api.IntegrationTests.OrganizerApplicationsControllerTests.Concurrent_submissions_create_only_one_pending_application" computerName="Stan-MacBook-Pro" duration="00:00:00.7688726" startTime="2026-08-14T03:11:06.6711200+00:00" endTime="2026-08-14T03:11:07.4386580+00:00" testType="13cdc9d9-ddb5-4fa4-a97d-d965ccfc6d4b" outcome="Passed" testListId="8c84fa94-04c1-424b-9868-57a2d4851a1d" relativeResultsDirectory="ac2fb83d-e964-4694-a314-9d63c3148e63" />
    <UnitTestResult executionId="33f24b3f-54a4-4fca-90f9-af3bfaa354c5" testId="f05f5ff8-b54e-fcb4-ac54-809e4f103123" testName="EventManagement.Api.IntegrationTests.EventsControllerTests.Unpublished_management_detail_is_limited_to_owner_or_admin" computerName="Stan-MacBook-Pro" duration="00:00:03.1191121" startTime="2026-08-14T03:10:31.4846660+00:00" endTime="2026-08-14T03:10:34.6023590+00:00" testType="13cdc9d9-ddb5-4fa4-a97d-d965ccfc6d4b" outcome="Passed" testListId="8c84fa94-04c1-424b-9868-57a2d4851a1d" relativeResultsDirectory="33f24b3f-54a4-4fca-90f9-af3bfaa354c5" />
    <UnitTestResult executionId="e416cc21-813d-4615-b103-b2546f5fe788" testId="f14fac28-1124-8550-e17a-54eeae3bc36f" testName="EventManagement.Api.IntegrationTests.AdminAuditLogsControllerTests.Admin_can_export_a_bounded_csv_audit_report" computerName="Stan-MacBook-Pro" duration="00:00:01.0061611" startTime="2026-08-14T03:11:49.2662830+00:00" endTime="2026-08-14T03:11:50.2715910+00:00" testType="13cdc9d9-ddb5-4fa4-a97d-d965ccfc6d4b" outcome="Passed" testListId="8c84fa94-04c1-424b-9868-57a2d4851a1d" relativeResultsDirectory="e416cc21-813d-4615-b103-b2546f5fe788" />
    <UnitTestResult executionId="bc20995a-4f0b-4926-9daa-51f8a10a0eaf" testId="70c2a39a-3130-5b9d-457e-22f15fce4e60" testName="EventManagement.Api.IntegrationTests.ImageCleanupControllerTests.Non_admin_cannot_read_failed_image_cleanup" computerName="Stan-MacBook-Pro" duration="00:00:00.6883335" startTime="2026-08-14T03:12:05.2085780+00:00" endTime="2026-08-14T03:12:05.8967710+00:00" testType="13cdc9d9-ddb5-4fa4-a97d-d965ccfc6d4b" outcome="Passed" testListId="8c84fa94-04c1-424b-9868-57a2d4851a1d" relativeResultsDirectory="bc20995a-4f0b-4926-9daa-51f8a10a0eaf" />
    <UnitTestResult executionId="8ec6894e-b837-41fe-8a17-736532a7d67c" testId="c82bae4d-be1f-68fa-917c-add5246d1fda" testName="EventManagement.Api.IntegrationTests.BookingRequestsControllerTests.Admin_can_list_submitted_booking_requests" computerName="Stan-MacBook-Pro" duration="00:00:00.8130879" startTime="2026-08-14T03:12:01.8316350+00:00" endTime="2026-08-14T03:12:02.6438220+00:00" testType="13cdc9d9-ddb5-4fa4-a97d-d965ccfc6d4b" outcome="Passed" testListId="8c84fa94-04c1-424b-9868-57a2d4851a1d" relativeResultsDirectory="8ec6894e-b837-41fe-8a17-736532a7d67c" />
    <UnitTestResult executionId="86477630-0850-4a7b-a733-5bfb81f50769" testId="5a64d7af-e5ff-fa71-2aae-99929e453f7d" testName="EventManagement.Api.IntegrationTests.CertificatesControllerTests.Student_cannot_download_another_students_certificate" computerName="Stan-MacBook-Pro" duration="00:00:02.2161727" startTime="2026-08-14T03:11:39.4484760+00:00" endTime="2026-08-14T03:11:41.6643840+00:00" testType="13cdc9d9-ddb5-4fa4-a97d-d965ccfc6d4b" outcome="Passed" testListId="8c84fa94-04c1-424b-9868-57a2d4851a1d" relativeResultsDirectory="86477630-0850-4a7b-a733-5bfb81f50769" />
    <UnitTestResult executionId="9c177ce7-1e7c-4a6e-92e4-252bf5d89c4d" testId="d643a594-a40a-88d5-9622-c96c07dd1f48" testName="EventManagement.Api.IntegrationTests.BookingRequestRateLimitTests.Public_submission_is_limited_to_five_requests_per_IP_per_hour" computerName="Stan-MacBook-Pro" duration="00:00:00.5362104" startTime="2026-08-14T03:10:53.5734630+00:00" endTime="2026-08-14T03:10:54.1091090+00:00" testType="13cdc9d9-ddb5-4fa4-a97d-d965ccfc6d4b" outcome="Passed" testListId="8c84fa94-04c1-424b-9868-57a2d4851a1d" relativeResultsDirectory="9c177ce7-1e7c-4a6e-92e4-252bf5d89c4d" />
    <UnitTestResult executionId="8889b5ce-026e-4755-88ee-088da9d5fe66" testId="b55e723b-e3fb-ae6d-b73e-04261b1e5258" testName="EventManagement.Api.IntegrationTests.AuthControllerTests.Login_returns_cryptographically_valid_JWT_with_current_role_claim" computerName="Stan-MacBook-Pro" duration="00:00:00.6936709" startTime="2026-08-14T03:12:21.7956270+00:00" endTime="2026-08-14T03:12:22.4885670+00:00" testType="13cdc9d9-ddb5-4fa4-a97d-d965ccfc6d4b" outcome="Passed" testListId="8c84fa94-04c1-424b-9868-57a2d4851a1d" relativeResultsDirectory="8889b5ce-026e-4755-88ee-088da9d5fe66" />
    <UnitTestResult executionId="b050c521-44ab-4a45-9c27-3edce36f1e4f" testId="4bfed511-fae1-c5fe-4b56-34a0593dd9d5" testName="EventManagement.Api.IntegrationTests.VotingControllerTests.Paid_votes_are_recorded_only_after_verified_idempotent_webhook" computerName="Stan-MacBook-Pro" duration="00:00:02.0256283" startTime="2026-08-14T03:11:34.7788020+00:00" endTime="2026-08-14T03:11:36.8030980+00:00" testType="13cdc9d9-ddb5-4fa4-a97d-d965ccfc6d4b" outcome="Passed" testListId="8c84fa94-04c1-424b-9868-57a2d4851a1d" relativeResultsDirectory="b050c521-44ab-4a45-9c27-3edce36f1e4f" />
    <UnitTestResult executionId="daea4d85-cffd-4ab4-b98c-b30add7ecc31" testId="44600c97-7213-d12b-b01e-bdbe1604faab" testName="EventManagement.Api.IntegrationTests.ReportsControllerTests.Demoted_organizer_with_owned_events_remains_in_historical_report" computerName="Stan-MacBook-Pro" duration="00:00:01.9849751" startTime="2026-08-14T03:11:19.0875290+00:00" endTime="2026-08-14T03:11:21.0720590+00:00" testType="13cdc9d9-ddb5-4fa4-a97d-d965ccfc6d4b" outcome="Passed" testListId="8c84fa94-04c1-424b-9868-57a2d4851a1d" relativeResultsDirectory="daea4d85-cffd-4ab4-b98c-b30add7ecc31" />
    <UnitTestResult executionId="926fca12-2eff-48ce-9694-db846cdb5866" testId="5268bd0f-141b-d345-b4c4-47c79c3aa3a8" testName="EventManagement.Api.IntegrationTests.BookingRequestsControllerTests.Concurrent_reassignment_and_response_produce_one_consistent_winner" computerName="Stan-MacBook-Pro" duration="00:00:02.5793371" startTime="2026-08-14T03:11:55.8285380+00:00" endTime="2026-08-14T03:11:58.4073410+00:00" testType="13cdc9d9-ddb5-4fa4-a97d-d965ccfc6d4b" outcome="Passed" testListId="8c84fa94-04c1-424b-9868-57a2d4851a1d" relativeResultsDirectory="926fca12-2eff-48ce-9694-db846cdb5866" />
    <UnitTestResult executionId="3784cc5e-2e7b-4c00-9c8f-0102365ffa6c" testId="051bf0a2-58b0-674c-c659-9f91db73ab9d" testName="EventManagement.Api.IntegrationTests.UploadsControllerTests.Student_cannot_upload_event_cover" computerName="Stan-MacBook-Pro" duration="00:00:00.7178310" startTime="2026-08-14T03:11:25.8884890+00:00" endTime="2026-08-14T03:11:26.6060740+00:00" testType="13cdc9d9-ddb5-4fa4-a97d-d965ccfc6d4b" outcome="Passed" testListId="8c84fa94-04c1-424b-9868-57a2d4851a1d" relativeResultsDirectory="3784cc5e-2e7b-4c00-9c8f-0102365ffa6c" />
    <UnitTestResult executionId="1eab2bc8-2006-43b0-9f6b-0a058ae4bf2a" testId="864e6be4-5f8f-649a-f7f9-a7ae38afaffb" testName="EventManagement.Api.IntegrationTests.AuthControllerTests.Role_change_requires_a_new_token_before_new_permissions_apply" computerName="Stan-MacBook-Pro" duration="00:00:01.4694961" startTime="2026-08-14T03:12:19.6203240+00:00" endTime="2026-08-14T03:12:21.0892070+00:00" testType="13cdc9d9-ddb5-4fa4-a97d-d965ccfc6d4b" outcome="Passed" testListId="8c84fa94-04c1-424b-9868-57a2d4851a1d" relativeResultsDirectory="1eab2bc8-2006-43b0-9f6b-0a058ae4bf2a" />
  </Results>
  <TestDefinitions>
    <UnitTest name="EventManagement.Api.IntegrationTests.OrganizerApplicationsControllerTests.Student_can_submit_once_but_second_pending_application_is_rejected" storage="/users/mac/desktop/ems/backend/eventmanagement.api.integrationtests/bin/debug/net10.0/eventmanagement.api.integrationtests.dll" id="82024d44-ebd4-38e1-48b4-5fea35827678">
      <Execution id="8b226680-c975-4b03-b675-24a8f7b73c4f" />
      <TestMethod codeBase="/Users/mac/Desktop/ems/backend/EventManagement.Api.IntegrationTests/bin/Debug/net10.0/EventManagement.Api.IntegrationTests.dll" adapterTypeName="executor://xunit/VsTestRunner3/netcore/" className="EventManagement.Api.IntegrationTests.OrganizerApplicationsControllerTests" name="Student_can_submit_once_but_second_pending_application_is_rejected" />
    </UnitTest>
    <UnitTest name="EventManagement.Api.IntegrationTests.PaymentsControllerTests.Paystack_webhook_rejects_invalid_signature" storage="/users/mac/desktop/ems/backend/eventmanagement.api.integrationtests/bin/debug/net10.0/eventmanagement.api.integrationtests.dll" id="094700fb-be01-4d82-42ec-242cfbc97375">
      <Execution id="af47f607-722a-4311-8233-0cee16d35a67" />
      <TestMethod codeBase="/Users/mac/Desktop/ems/backend/EventManagement.Api.IntegrationTests/bin/Debug/net10.0/EventManagement.Api.IntegrationTests.dll" adapterTypeName="executor://xunit/VsTestRunner3/netcore/" className="EventManagement.Api.IntegrationTests.PaymentsControllerTests" name="Paystack_webhook_rejects_invalid_signature" />
    </UnitTest>
    <UnitTest name="EventManagement.Api.IntegrationTests.BookingRequestRateLimitTests.Public_submission_is_limited_to_five_requests_per_IP_per_hour" storage="/users/mac/desktop/ems/backend/eventmanagement.api.integrationtests/bin/debug/net10.0/eventmanagement.api.integrationtests.dll" id="d643a594-a40a-88d5-9622-c96c07dd1f48">
      <Execution id="9c177ce7-1e7c-4a6e-92e4-252bf5d89c4d" />
      <TestMethod codeBase="/Users/mac/Desktop/ems/backend/EventManagement.Api.IntegrationTests/bin/Debug/net10.0/EventManagement.Api.IntegrationTests.dll" adapterTypeName="executor://xunit/VsTestRunner3/netcore/" className="EventManagement.Api.IntegrationTests.BookingRequestRateLimitTests" name="Public_submission_is_limited_to_five_requests_per_IP_per_hour" />
    </UnitTest>
    <UnitTest name="EventManagement.Api.IntegrationTests.EventsControllerTests.Attendance_permission_matrix(actorKind: &quot;Admin&quot;, expected: NoContent)" storage="/users/mac/desktop/ems/backend/eventmanagement.api.integrationtests/bin/debug/net10.0/eventmanagement.api.integrationtests.dll" id="403e6834-e526-b9f9-0c8c-3aa80627eed2">
      <Execution id="3306bda1-51a6-4e35-b5cd-34279238830d" />
      <TestMethod codeBase="/Users/mac/Desktop/ems/backend/EventManagement.Api.IntegrationTests/bin/Debug/net10.0/EventManagement.Api.IntegrationTests.dll" adapterTypeName="executor://xunit/VsTestRunner3/netcore/" className="EventManagement.Api.IntegrationTests.EventsControllerTests" name="Attendance_permission_matrix" />
    </UnitTest>
    <UnitTest name="EventManagement.Api.IntegrationTests.OrganizerApplicationsControllerTests.Concurrent_submissions_create_only_one_pending_application" storage="/users/mac/desktop/ems/backend/eventmanagement.api.integrationtests/bin/debug/net10.0/eventmanagement.api.integrationtests.dll" id="183d73e7-067f-7946-912a-b2a1b1b8f56e">
      <Execution id="ac2fb83d-e964-4694-a314-9d63c3148e63" />
      <TestMethod codeBase="/Users/mac/Desktop/ems/backend/EventManagement.Api.IntegrationTests/bin/Debug/net10.0/EventManagement.Api.IntegrationTests.dll" adapterTypeName="executor://xunit/VsTestRunner3/netcore/" className="EventManagement.Api.IntegrationTests.OrganizerApplicationsControllerTests" name="Concurrent_submissions_create_only_one_pending_application" />
    </UnitTest>
    <UnitTest name="EventManagement.Api.IntegrationTests.AuthControllerTests.Deactivated_users_existing_token_is_rejected_with_401" storage="/users/mac/desktop/ems/backend/eventmanagement.api.integrationtests/bin/debug/net10.0/eventmanagement.api.integrationtests.dll" id="273dc31e-d1aa-6804-e895-941f90308257">
      <Execution id="639c3325-cac8-495f-8cd8-106dc26a046b" />
      <TestMethod codeBase="/Users/mac/Desktop/ems/backend/EventManagement.Api.IntegrationTests/bin/Debug/net10.0/EventManagement.Api.IntegrationTests.dll" adapterTypeName="executor://xunit/VsTestRunner3/netcore/" className="EventManagement.Api.IntegrationTests.AuthControllerTests" name="Deactivated_users_existing_token_is_rejected_with_401" />
    </UnitTest>
    <UnitTest name="EventManagement.Api.IntegrationTests.AuthControllerTests.Login_returns_cryptographically_valid_JWT_with_current_role_claim" storage="/users/mac/desktop/ems/backend/eventmanagement.api.integrationtests/bin/debug/net10.0/eventmanagement.api.integrationtests.dll" id="b55e723b-e3fb-ae6d-b73e-04261b1e5258">
      <Execution id="8889b5ce-026e-4755-88ee-088da9d5fe66" />
      <TestMethod codeBase="/Users/mac/Desktop/ems/backend/EventManagement.Api.IntegrationTests/bin/Debug/net10.0/EventManagement.Api.IntegrationTests.dll" adapterTypeName="executor://xunit/VsTestRunner3/netcore/" className="EventManagement.Api.IntegrationTests.AuthControllerTests" name="Login_returns_cryptographically_valid_JWT_with_current_role_claim" />
    </UnitTest>
    <UnitTest name="EventManagement.Api.IntegrationTests.BookingRequestsControllerTests.Honeypot_submission_is_accepted_but_not_stored" storage="/users/mac/desktop/ems/backend/eventmanagement.api.integrationtests/bin/debug/net10.0/eventmanagement.api.integrationtests.dll" id="174b7db7-b7f1-415c-fcfb-ab913c8dc77c">
      <Execution id="938b2ef4-6a73-4f0a-aeee-ad8c44eaca49" />
      <TestMethod codeBase="/Users/mac/Desktop/ems/backend/EventManagement.Api.IntegrationTests/bin/Debug/net10.0/EventManagement.Api.IntegrationTests.dll" adapterTypeName="executor://xunit/VsTestRunner3/netcore/" className="EventManagement.Api.IntegrationTests.BookingRequestsControllerTests" name="Honeypot_submission_is_accepted_but_not_stored" />
    </UnitTest>
    <UnitTest name="EventManagement.Api.IntegrationTests.EventsControllerTests.Admin_can_modify_any_organizers_event(operation: &quot;update&quot;)" storage="/users/mac/desktop/ems/backend/eventmanagement.api.integrationtests/bin/debug/net10.0/eventmanagement.api.integrationtests.dll" id="327642f8-4ce0-0af7-fbad-b2f90c535036">
      <Execution id="a8729fbd-ddc9-484f-8cc4-266a06a09cd1" />
      <TestMethod codeBase="/Users/mac/Desktop/ems/backend/EventManagement.Api.IntegrationTests/bin/Debug/net10.0/EventManagement.Api.IntegrationTests.dll" adapterTypeName="executor://xunit/VsTestRunner3/netcore/" className="EventManagement.Api.IntegrationTests.EventsControllerTests" name="Admin_can_modify_any_organizers_event" />
    </UnitTest>
    <UnitTest name="EventManagement.Api.IntegrationTests.BookingRequestsControllerTests.Admin_can_list_submitted_booking_requests" storage="/users/mac/desktop/ems/backend/eventmanagement.api.integrationtests/bin/debug/net10.0/eventmanagement.api.integrationtests.dll" id="c82bae4d-be1f-68fa-917c-add5246d1fda">
      <Execution id="8ec6894e-b837-41fe-8a17-736532a7d67c" />
      <TestMethod codeBase="/Users/mac/Desktop/ems/backend/EventManagement.Api.IntegrationTests/bin/Debug/net10.0/EventManagement.Api.IntegrationTests.dll" adapterTypeName="executor://xunit/VsTestRunner3/netcore/" className="EventManagement.Api.IntegrationTests.BookingRequestsControllerTests" name="Admin_can_list_submitted_booking_requests" />
    </UnitTest>
    <UnitTest name="EventManagement.Api.IntegrationTests.EventsControllerTests.Organizer_can_create_and_read_a_hybrid_event" storage="/users/mac/desktop/ems/backend/eventmanagement.api.integrationtests/bin/debug/net10.0/eventmanagement.api.integrationtests.dll" id="beffd048-0523-aeed-20b4-3662498ab5c5">
      <Execution id="649ff43b-7d23-4f99-baf8-594849581361" />
      <TestMethod codeBase="/Users/mac/Desktop/ems/backend/EventManagement.Api.IntegrationTests/bin/Debug/net10.0/EventManagement.Api.IntegrationTests.dll" adapterTypeName="executor://xunit/VsTestRunner3/netcore/" className="EventManagement.Api.IntegrationTests.EventsControllerTests" name="Organizer_can_create_and_read_a_hybrid_event" />
    </UnitTest>
    <UnitTest name="EventManagement.Api.IntegrationTests.EventsControllerTests.Concurrent_registration_at_capacity_never_overbooks" storage="/users/mac/desktop/ems/backend/eventmanagement.api.integrationtests/bin/debug/net10.0/eventmanagement.api.integrationtests.dll" id="14bb308a-35b2-8090-bee7-9bcf83c11013">
      <Execution id="d06af922-ccd7-4c93-8941-54aebc0f8ce2" />
      <TestMethod codeBase="/Users/mac/Desktop/ems/backend/EventManagement.Api.IntegrationTests/bin/Debug/net10.0/EventManagement.Api.IntegrationTests.dll" adapterTypeName="executor://xunit/VsTestRunner3/netcore/" className="EventManagement.Api.IntegrationTests.EventsControllerTests" name="Concurrent_registration_at_capacity_never_overbooks" />
    </UnitTest>
    <UnitTest name="EventManagement.Api.IntegrationTests.VotingControllerTests.Paid_votes_are_recorded_only_after_verified_idempotent_webhook" storage="/users/mac/desktop/ems/backend/eventmanagement.api.integrationtests/bin/debug/net10.0/eventmanagement.api.integrationtests.dll" id="4bfed511-fae1-c5fe-4b56-34a0593dd9d5">
      <Execution id="b050c521-44ab-4a45-9c27-3edce36f1e4f" />
      <TestMethod codeBase="/Users/mac/Desktop/ems/backend/EventManagement.Api.IntegrationTests/bin/Debug/net10.0/EventManagement.Api.IntegrationTests.dll" adapterTypeName="executor://xunit/VsTestRunner3/netcore/" className="EventManagement.Api.IntegrationTests.VotingControllerTests" name="Paid_votes_are_recorded_only_after_verified_idempotent_webhook" />
    </UnitTest>
    <UnitTest name="EventManagement.Api.IntegrationTests.BookingRequestsControllerTests.Admin_assigns_and_assigned_organizer_accepts_creating_an_unpublished_draft" storage="/users/mac/desktop/ems/backend/eventmanagement.api.integrationtests/bin/debug/net10.0/eventmanagement.api.integrationtests.dll" id="15832fa4-d2e8-dba4-7d64-cdc3829cd8d7">
      <Execution id="8e2f5185-cb30-4ca1-bd82-5dcd4c10919d" />
      <TestMethod codeBase="/Users/mac/Desktop/ems/backend/EventManagement.Api.IntegrationTests/bin/Debug/net10.0/EventManagement.Api.IntegrationTests.dll" adapterTypeName="executor://xunit/VsTestRunner3/netcore/" className="EventManagement.Api.IntegrationTests.BookingRequestsControllerTests" name="Admin_assigns_and_assigned_organizer_accepts_creating_an_unpublished_draft" />
    </UnitTest>
    <UnitTest name="EventManagement.Api.IntegrationTests.ImageCleanupControllerTests.Admin_can_list_and_retry_a_failed_image_cleanup" storage="/users/mac/desktop/ems/backend/eventmanagement.api.integrationtests/bin/debug/net10.0/eventmanagement.api.integrationtests.dll" id="dede861a-8220-12cc-5b68-4d98913a649c">
      <Execution id="1932bb83-e391-4b98-b071-bd3c4b9d6675" />
      <TestMethod codeBase="/Users/mac/Desktop/ems/backend/EventManagement.Api.IntegrationTests/bin/Debug/net10.0/EventManagement.Api.IntegrationTests.dll" adapterTypeName="executor://xunit/VsTestRunner3/netcore/" className="EventManagement.Api.IntegrationTests.ImageCleanupControllerTests" name="Admin_can_list_and_retry_a_failed_image_cleanup" />
    </UnitTest>
    <UnitTest name="EventManagement.Api.IntegrationTests.TicketsControllerTests.Ticket_cannot_be_used_by_another_event_organizer" storage="/users/mac/desktop/ems/backend/eventmanagement.api.integrationtests/bin/debug/net10.0/eventmanagement.api.integrationtests.dll" id="c7baa1b7-98e2-27be-87f0-4316568247db">
      <Execution id="4f7e38be-714f-4ac4-bb1b-4fc922302222" />
      <TestMethod codeBase="/Users/mac/Desktop/ems/backend/EventManagement.Api.IntegrationTests/bin/Debug/net10.0/EventManagement.Api.IntegrationTests.dll" adapterTypeName="executor://xunit/VsTestRunner3/netcore/" className="EventManagement.Api.IntegrationTests.TicketsControllerTests" name="Ticket_cannot_be_used_by_another_event_organizer" />
    </UnitTest>
    <UnitTest name="EventManagement.Api.IntegrationTests.AuthControllerTests.Role_change_requires_a_new_token_before_new_permissions_apply" storage="/users/mac/desktop/ems/backend/eventmanagement.api.integrationtests/bin/debug/net10.0/eventmanagement.api.integrationtests.dll" id="864e6be4-5f8f-649a-f7f9-a7ae38afaffb">
      <Execution id="1eab2bc8-2006-43b0-9f6b-0a058ae4bf2a" />
      <TestMethod codeBase="/Users/mac/Desktop/ems/backend/EventManagement.Api.IntegrationTests/bin/Debug/net10.0/EventManagement.Api.IntegrationTests.dll" adapterTypeName="executor://xunit/VsTestRunner3/netcore/" className="EventManagement.Api.IntegrationTests.AuthControllerTests" name="Role_change_requires_a_new_token_before_new_permissions_apply" />
    </UnitTest>
    <UnitTest name="EventManagement.Api.IntegrationTests.AuthControllerTests.Google_login_links_existing_email_without_duplicate_and_uses_same_user_id" storage="/users/mac/desktop/ems/backend/eventmanagement.api.integrationtests/bin/debug/net10.0/eventmanagement.api.integrationtests.dll" id="99b18bdc-9ddd-c3d0-da26-3645da364873">
      <Execution id="6e9abe5f-bd0b-4f6f-ac48-d758715af2e2" />
      <TestMethod codeBase="/Users/mac/Desktop/ems/backend/EventManagement.Api.IntegrationTests/bin/Debug/net10.0/EventManagement.Api.IntegrationTests.dll" adapterTypeName="executor://xunit/VsTestRunner3/netcore/" className="EventManagement.Api.IntegrationTests.AuthControllerTests" name="Google_login_links_existing_email_without_duplicate_and_uses_same_user_id" />
    </UnitTest>
    <UnitTest name="EventManagement.Api.IntegrationTests.CertificatesControllerTests.Attended_student_can_generate_certificate_after_event_only_once" storage="/users/mac/desktop/ems/backend/eventmanagement.api.integrationtests/bin/debug/net10.0/eventmanagement.api.integrationtests.dll" id="690e97c7-2f7b-45ea-7ff9-45d2cd6e8353">
      <Execution id="6dba0fde-1df5-4a8e-89c2-8f3bd596e662" />
      <TestMethod codeBase="/Users/mac/Desktop/ems/backend/EventManagement.Api.IntegrationTests/bin/Debug/net10.0/EventManagement.Api.IntegrationTests.dll" adapterTypeName="executor://xunit/VsTestRunner3/netcore/" className="EventManagement.Api.IntegrationTests.CertificatesControllerTests" name="Attended_student_can_generate_certificate_after_event_only_once" />
    </UnitTest>
    <UnitTest name="EventManagement.Api.IntegrationTests.BookingRequestsControllerTests.Two_simultaneous_accepts_create_one_draft_and_one_conflict" storage="/users/mac/desktop/ems/backend/eventmanagement.api.integrationtests/bin/debug/net10.0/eventmanagement.api.integrationtests.dll" id="333498ad-7735-f51d-3e0c-3ccd46483485">
      <Execution id="b1a06592-8a6d-4fb0-bcda-4c120607aae8" />
      <TestMethod codeBase="/Users/mac/Desktop/ems/backend/EventManagement.Api.IntegrationTests/bin/Debug/net10.0/EventManagement.Api.IntegrationTests.dll" adapterTypeName="executor://xunit/VsTestRunner3/netcore/" className="EventManagement.Api.IntegrationTests.BookingRequestsControllerTests" name="Two_simultaneous_accepts_create_one_draft_and_one_conflict" />
    </UnitTest>
    <UnitTest name="EventManagement.Api.IntegrationTests.EventsControllerTests.Unpublished_management_detail_is_limited_to_owner_or_admin" storage="/users/mac/desktop/ems/backend/eventmanagement.api.integrationtests/bin/debug/net10.0/eventmanagement.api.integrationtests.dll" id="f05f5ff8-b54e-fcb4-ac54-809e4f103123">
      <Execution id="33f24b3f-54a4-4fca-90f9-af3bfaa354c5" />
      <TestMethod codeBase="/Users/mac/Desktop/ems/backend/EventManagement.Api.IntegrationTests/bin/Debug/net10.0/EventManagement.Api.IntegrationTests.dll" adapterTypeName="executor://xunit/VsTestRunner3/netcore/" className="EventManagement.Api.IntegrationTests.EventsControllerTests" name="Unpublished_management_detail_is_limited_to_owner_or_admin" />
    </UnitTest>
    <UnitTest name="EventManagement.Api.IntegrationTests.CertificatesControllerTests.Student_cannot_download_another_students_certificate" storage="/users/mac/desktop/ems/backend/eventmanagement.api.integrationtests/bin/debug/net10.0/eventmanagement.api.integrationtests.dll" id="5a64d7af-e5ff-fa71-2aae-99929e453f7d">
      <Execution id="86477630-0850-4a7b-a733-5bfb81f50769" />
      <TestMethod codeBase="/Users/mac/Desktop/ems/backend/EventManagement.Api.IntegrationTests/bin/Debug/net10.0/EventManagement.Api.IntegrationTests.dll" adapterTypeName="executor://xunit/VsTestRunner3/netcore/" className="EventManagement.Api.IntegrationTests.CertificatesControllerTests" name="Student_cannot_download_another_students_certificate" />
    </UnitTest>
    <UnitTest name="EventManagement.Api.IntegrationTests.UploadsControllerTests.Profile_upload_is_owner_scoped_claimed_and_superseded_atomically" storage="/users/mac/desktop/ems/backend/eventmanagement.api.integrationtests/bin/debug/net10.0/eventmanagement.api.integrationtests.dll" id="9559dfc8-9482-9cff-f77a-58149389f85a">
      <Execution id="d02e1ecd-fd27-4caf-8809-120c8e58ba70" />
      <TestMethod codeBase="/Users/mac/Desktop/ems/backend/EventManagement.Api.IntegrationTests/bin/Debug/net10.0/EventManagement.Api.IntegrationTests.dll" adapterTypeName="executor://xunit/VsTestRunner3/netcore/" className="EventManagement.Api.IntegrationTests.UploadsControllerTests" name="Profile_upload_is_owner_scoped_claimed_and_superseded_atomically" />
    </UnitTest>
    <UnitTest name="EventManagement.Api.IntegrationTests.BookingRequestsControllerTests.Closed_request_personal_data_is_anonymized_after_retention_window" storage="/users/mac/desktop/ems/backend/eventmanagement.api.integrationtests/bin/debug/net10.0/eventmanagement.api.integrationtests.dll" id="a694cced-2147-341b-fac9-2c8670ff4c87">
      <Execution id="1c7de068-d664-4bb6-879e-267c0e383bbf" />
      <TestMethod codeBase="/Users/mac/Desktop/ems/backend/EventManagement.Api.IntegrationTests/bin/Debug/net10.0/EventManagement.Api.IntegrationTests.dll" adapterTypeName="executor://xunit/VsTestRunner3/netcore/" className="EventManagement.Api.IntegrationTests.BookingRequestsControllerTests" name="Closed_request_personal_data_is_anonymized_after_retention_window" />
    </UnitTest>
    <UnitTest name="EventManagement.Api.IntegrationTests.AuthControllerTests.Invalid_or_missing_token_is_rejected_with_401(token: &quot;invalid-token&quot;)" storage="/users/mac/desktop/ems/backend/eventmanagement.api.integrationtests/bin/debug/net10.0/eventmanagement.api.integrationtests.dll" id="4aaeb034-b7ad-6ae1-e425-2e1056d4393c">
      <Execution id="5395ba40-46cc-4697-b1c6-2f92921467ad" />
      <TestMethod codeBase="/Users/mac/Desktop/ems/backend/EventManagement.Api.IntegrationTests/bin/Debug/net10.0/EventManagement.Api.IntegrationTests.dll" adapterTypeName="executor://xunit/VsTestRunner3/netcore/" className="EventManagement.Api.IntegrationTests.AuthControllerTests" name="Invalid_or_missing_token_is_rejected_with_401" />
    </UnitTest>
    <UnitTest name="EventManagement.Api.IntegrationTests.VotingControllerTests.Organizer_cannot_manage_another_organizers_campaign" storage="/users/mac/desktop/ems/backend/eventmanagement.api.integrationtests/bin/debug/net10.0/eventmanagement.api.integrationtests.dll" id="d20eee7b-0461-74a5-c1fd-2ef83068c911">
      <Execution id="8b96e1a3-c20f-4240-a6f3-bb5c040ee47e" />
      <TestMethod codeBase="/Users/mac/Desktop/ems/backend/EventManagement.Api.IntegrationTests/bin/Debug/net10.0/EventManagement.Api.IntegrationTests.dll" adapterTypeName="executor://xunit/VsTestRunner3/netcore/" className="EventManagement.Api.IntegrationTests.VotingControllerTests" name="Organizer_cannot_manage_another_organizers_campaign" />
    </UnitTest>
    <UnitTest name="EventManagement.Api.IntegrationTests.EmailOutboxControllerTests.Admin_can_list_and_retry_a_safe_failed_message" storage="/users/mac/desktop/ems/backend/eventmanagement.api.integrationtests/bin/debug/net10.0/eventmanagement.api.integrationtests.dll" id="fc235499-8091-9d34-3250-4b405ecc19a6">
      <Execution id="d3ff47a8-7b03-43e5-9212-aa6405317f02" />
      <TestMethod codeBase="/Users/mac/Desktop/ems/backend/EventManagement.Api.IntegrationTests/bin/Debug/net10.0/EventManagement.Api.IntegrationTests.dll" adapterTypeName="executor://xunit/VsTestRunner3/netcore/" className="EventManagement.Api.IntegrationTests.EmailOutboxControllerTests" name="Admin_can_list_and_retry_a_safe_failed_message" />
    </UnitTest>
    <UnitTest name="EventManagement.Api.IntegrationTests.EventsControllerTests.Past_dated_draft_cannot_be_published" storage="/users/mac/desktop/ems/backend/eventmanagement.api.integrationtests/bin/debug/net10.0/eventmanagement.api.integrationtests.dll" id="b8c362bc-7f10-7c75-77fe-66b7864d038f">
      <Execution id="1f9e947f-ce0d-414d-91a4-20cf797a75cd" />
      <TestMethod codeBase="/Users/mac/Desktop/ems/backend/EventManagement.Api.IntegrationTests/bin/Debug/net10.0/EventManagement.Api.IntegrationTests.dll" adapterTypeName="executor://xunit/VsTestRunner3/netcore/" className="EventManagement.Api.IntegrationTests.EventsControllerTests" name="Past_dated_draft_cannot_be_published" />
    </UnitTest>
    <UnitTest name="EventManagement.Api.IntegrationTests.EventsControllerTests.Registration_is_rejected_after_capacity_is_reached" storage="/users/mac/desktop/ems/backend/eventmanagement.api.integrationtests/bin/debug/net10.0/eventmanagement.api.integrationtests.dll" id="4650c327-26ee-a18d-f66c-04db93568805">
      <Execution id="935fea9d-bfde-43bd-bbb7-8c48d9a08c00" />
      <TestMethod codeBase="/Users/mac/Desktop/ems/backend/EventManagement.Api.IntegrationTests/bin/Debug/net10.0/EventManagement.Api.IntegrationTests.dll" adapterTypeName="executor://xunit/VsTestRunner3/netcore/" className="EventManagement.Api.IntegrationTests.EventsControllerTests" name="Registration_is_rejected_after_capacity_is_reached" />
    </UnitTest>
    <UnitTest name="EventManagement.Api.IntegrationTests.PaymentsControllerTests.Pending_paid_checkout_reserves_the_last_place" storage="/users/mac/desktop/ems/backend/eventmanagement.api.integrationtests/bin/debug/net10.0/eventmanagement.api.integrationtests.dll" id="24fa6338-1ae5-1f08-3d05-b9e3fe5ca43a">
      <Execution id="a7d52ea3-50a5-4c15-b916-568653c0cf5e" />
      <TestMethod codeBase="/Users/mac/Desktop/ems/backend/EventManagement.Api.IntegrationTests/bin/Debug/net10.0/EventManagement.Api.IntegrationTests.dll" adapterTypeName="executor://xunit/VsTestRunner3/netcore/" className="EventManagement.Api.IntegrationTests.PaymentsControllerTests" name="Pending_paid_checkout_reserves_the_last_place" />
    </UnitTest>
    <UnitTest name="EventManagement.Api.IntegrationTests.AuthControllerTests.Authenticated_non_admin_is_forbidden_from_admin_endpoint(role: &quot;Organizer&quot;)" storage="/users/mac/desktop/ems/backend/eventmanagement.api.integrationtests/bin/debug/net10.0/eventmanagement.api.integrationtests.dll" id="b3c98622-e804-eb04-2b3f-1168512f9793">
      <Execution id="34bb2c81-d9c3-4a2e-a054-6686309d618c" />
      <TestMethod codeBase="/Users/mac/Desktop/ems/backend/EventManagement.Api.IntegrationTests/bin/Debug/net10.0/EventManagement.Api.IntegrationTests.dll" adapterTypeName="executor://xunit/VsTestRunner3/netcore/" className="EventManagement.Api.IntegrationTests.AuthControllerTests" name="Authenticated_non_admin_is_forbidden_from_admin_endpoint" />
    </UnitTest>
    <UnitTest name="EventManagement.Api.IntegrationTests.OrganizerApplicationsControllerTests.Admin_can_reject_application_without_changing_student_role" storage="/users/mac/desktop/ems/backend/eventmanagement.api.integrationtests/bin/debug/net10.0/eventmanagement.api.integrationtests.dll" id="83d69d66-155f-518c-463d-d1dc84632cb6">
      <Execution id="fb15cd32-391b-44d7-9080-af97214c0012" />
      <TestMethod codeBase="/Users/mac/Desktop/ems/backend/EventManagement.Api.IntegrationTests/bin/Debug/net10.0/EventManagement.Api.IntegrationTests.dll" adapterTypeName="executor://xunit/VsTestRunner3/netcore/" className="EventManagement.Api.IntegrationTests.OrganizerApplicationsControllerTests" name="Admin_can_reject_application_without_changing_student_role" />
    </UnitTest>
    <UnitTest name="EventManagement.Api.IntegrationTests.BookingRequestsControllerTests.Closed_request_cannot_return_to_under_review" storage="/users/mac/desktop/ems/backend/eventmanagement.api.integrationtests/bin/debug/net10.0/eventmanagement.api.integrationtests.dll" id="1d7e1e2b-136c-6a9d-e345-6fb2fb2945c1">
      <Execution id="d83ae622-ab94-49da-bf9b-4fa890052e3b" />
      <TestMethod codeBase="/Users/mac/Desktop/ems/backend/EventManagement.Api.IntegrationTests/bin/Debug/net10.0/EventManagement.Api.IntegrationTests.dll" adapterTypeName="executor://xunit/VsTestRunner3/netcore/" className="EventManagement.Api.IntegrationTests.BookingRequestsControllerTests" name="Closed_request_cannot_return_to_under_review" />
    </UnitTest>
[...]
      INSERT INTO "Users" ("Id", "AuthProvider", "CreatedAt", "Email", "GoogleSubject", "ImageObjectKey", "ImageUrl", "IsActive", "Name", "PasswordHash", "Role", "SessionVersion")
      VALUES (@p0, @p1, @p2, @p3, @p4, @p5, @p6, @p7, @p8, @p9, @p10, @p11);
info: Microsoft.EntityFrameworkCore.Database.Command[20101]
      Executed DbCommand (2ms) [Parameters=[@userId='?' (DbType = Guid)], CommandType='Text', CommandTimeout='30']
      SELECT u."IsActive", u."Role", u."SessionVersion"
      FROM "Users" AS u
      WHERE u."Id" = @userId
      LIMIT 2
info: Microsoft.EntityFrameworkCore.Database.Command[20101]
      Executed DbCommand (2ms) [Parameters=[p0='?' (DbType = Guid)], CommandType='Text', CommandTimeout='30']
      SELECT e."Id", e."AuthProvider", e."CreatedAt", e."Email", e."GoogleSubject", e."ImageObjectKey", e."ImageUrl", e."IsActive", e."Name", e."PasswordHash", e."Role", e."SessionVersion"
      FROM (
          SELECT * FROM "Users" WHERE "Id" = @p0 FOR UPDATE
      ) AS e
      LIMIT 2
info: Microsoft.EntityFrameworkCore.Database.Command[20101]
      Executed DbCommand (5ms) [Parameters=[@p0='?' (DbType = Guid), @p1='?', @p2='?' (DbType = Guid), @p3='?' (DbType = DateTime), @p4='?' (DbType = Object), @p5='?', @p6='?', @p7='?' (DbType = Guid), @p8='?' (DbType = Int32), @p9='?', @p10='?' (DbType = DateTime), @p11='?', @p12='?' (DbType = DateTime), @p13='?', @p14='?' (DbType = DateTime), @p15='?', @p16='?', @p17='?', @p18='?', @p19='?', @p20='?' (DbType = Boolean), @p21='?' (DbType = Double), @p22='?', @p23='?' (DbType = Double), @p24='?', @p25='?' (DbType = Guid), @p26='?' (DbType = Int64), @p27='?' (DbType = Boolean), @p28='?' (DbType = DateTime), @p29='?' (DbType = DateTime), @p30='?' (DbType = Boolean), @p31='?', @p32='?', @p33='?' (DbType = Int32), @p34='?', @p35='?' (DbType = Boolean), @p36='?'], CommandType='Text', CommandTimeout='30']
      INSERT INTO "AdminAuditLogs" ("Id", "Action", "ActorUserId", "CreatedAt", "DetailsJson", "TargetId", "TargetType")
      VALUES (@p0, @p1, @p2, @p3, @p4, @p5, @p6);
      INSERT INTO "Events" ("Id", "Capacity", "Category", "CreatedAt", "Currency", "Date", "Description", "EndDate", "FacebookUrl", "Format", "ImageObjectKey", "ImageUrl", "InstagramUrl", "IsPublished", "Latitude", "Location", "Longitude", "MeetingUrl", "OrganizerId", "PriceMinor", "RegistrationsEnabled", "SalesEndsAt", "SalesStartsAt", "TicketingEnabled", "Title", "TwitterUrl", "Version", "VirtualPlatform", "VotingEnabled", "WebsiteUrl")
      VALUES (@p7, @p8, @p9, @p10, @p11, @p12, @p13, @p14, @p15, @p16, @p17, @p18, @p19, @p20, @p21, @p22, @p23, @p24, @p25, @p26, @p27, @p28, @p29, @p30, @p31, @p32, @p33, @p34, @p35, @p36);
info: Microsoft.EntityFrameworkCore.Database.Command[20101]
      Executed DbCommand (2ms) [Parameters=[@userId='?' (DbType = Guid)], CommandType='Text', CommandTimeout='30']
      SELECT u."IsActive", u."Role", u."SessionVersion"
      FROM "Users" AS u
      WHERE u."Id" = @userId
      LIMIT 2
info: Microsoft.EntityFrameworkCore.Database.Command[20101]
      Executed DbCommand (2ms) [Parameters=[@_8__locals1_studentId='?' (DbType = Guid)], CommandType='Text', CommandTimeout='30']
      SELECT u."Id", u."AuthProvider", u."CreatedAt", u."Email", u."GoogleSubject", u."ImageObjectKey", u."ImageUrl", u."IsActive", u."Name", u."PasswordHash", u."Role", u."SessionVersion"
      FROM "Users" AS u
      WHERE u."Id" = @_8__locals1_studentId
      LIMIT 2
info: Microsoft.EntityFrameworkCore.Database.Command[20101]
      Executed DbCommand (2ms) [Parameters=[p0='?' (DbType = Guid)], CommandType='Text', CommandTimeout='30']
      SELECT e."Id", e."Capacity", e."Category", e."CreatedAt", e."Currency", e."Date", e."Description", e."EndDate", e."FacebookUrl", e."Format", e."ImageObjectKey", e."ImageUrl", e."InstagramUrl", e."IsPublished", e."Latitude", e."Location", e."Longitude", e."MeetingUrl", e."OrganizerId", e."PriceMinor", e."RegistrationsEnabled", e."SalesEndsAt", e."SalesStartsAt", e."TicketingEnabled", e."Title", e."TwitterUrl", e."Version", e."VirtualPlatform", e."VotingEnabled", e."WebsiteUrl", u."Id", u."AuthProvider", u."CreatedAt", u."Email", u."GoogleSubject", u."ImageObjectKey", u."ImageUrl", u."IsActive", u."Name", u."PasswordHash", u."Role", u."SessionVersion"
      FROM (
          SELECT * FROM "Events" WHERE "Id" = @p0 FOR UPDATE
      ) AS e
      INNER JOIN "Users" AS u ON e."OrganizerId" = u."Id"
      LIMIT 2
info: Microsoft.EntityFrameworkCore.Database.Command[20101]
      Executed DbCommand (2ms) [Parameters=[@email='?'], CommandType='Text', CommandTimeout='30']
      SELECT u."Id", u."AuthProvider", u."CreatedAt", u."Email", u."GoogleSubject", u."ImageObjectKey", u."ImageUrl", u."IsActive", u."Name", u."PasswordHash", u."Role", u."SessionVersion"
      FROM "Users" AS u
      WHERE u."Email" = @email
      LIMIT 2
info: Microsoft.EntityFrameworkCore.Database.Command[20101]
      Executed DbCommand (2ms) [Parameters=[@email='?'], CommandType='Text', CommandTimeout='30']
      SELECT EXISTS (
          SELECT 1
          FROM "Users" AS u
          WHERE u."Email" = @email)
info: Microsoft.EntityFrameworkCore.Database.Command[20101]
      Executed DbCommand (2ms) [Parameters=[@p0='?' (DbType = Guid), @p1='?', @p2='?' (DbType = DateTime), @p3='?', @p4='?', @p5='?', @p6='?', @p7='?' (DbType = Boolean), @p8='?', @p9='?', @p10='?', @p11='?' (DbType = Int32)], CommandType='Text', CommandTimeout='30']
      INSERT INTO "Users" ("Id", "AuthProvider", "CreatedAt", "Email", "GoogleSubject", "ImageObjectKey", "ImageUrl", "IsActive", "Name", "PasswordHash", "Role", "SessionVersion")
      VALUES (@p0, @p1, @p2, @p3, @p4, @p5, @p6, @p7, @p8, @p9, @p10, @p11);
info: Microsoft.EntityFrameworkCore.Database.Command[20101]
      Executed DbCommand (2ms) [Parameters=[@email='?'], CommandType='Text', CommandTimeout='30']
      SELECT EXISTS (
          SELECT 1
          FROM "Users" AS u
          WHERE u."Email" = @email)
info: Microsoft.EntityFrameworkCore.Database.Command[20101]
      Executed DbCommand (2ms) [Parameters=[@p0='?' (DbType = Guid), @p1='?', @p2='?' (DbType = DateTime), @p3='?', @p4='?', @p5='?', @p6='?', @p7='?' (DbType = Boolean), @p8='?', @p9='?', @p10='?', @p11='?' (DbType = Int32)], CommandType='Text', CommandTimeout='30']
      INSERT INTO "Users" ("Id", "AuthProvider", "CreatedAt", "Email", "GoogleSubject", "ImageObjectKey", "ImageUrl", "IsActive", "Name", "PasswordHash", "Role", "SessionVersion")
      VALUES (@p0, @p1, @p2, @p3, @p4, @p5, @p6, @p7, @p8, @p9, @p10, @p11);
info: Microsoft.EntityFrameworkCore.Database.Command[20101]
      Executed DbCommand (2ms) [Parameters=[@userId='?' (DbType = Guid)], CommandType='Text', CommandTimeout='30']
      SELECT u."IsActive", u."Role", u."SessionVersion"
      FROM "Users" AS u
      WHERE u."Id" = @userId
      LIMIT 2
info: Microsoft.EntityFrameworkCore.Database.Command[20101]
      Executed DbCommand (2ms) [Parameters=[p0='?' (DbType = Guid)], CommandType='Text', CommandTimeout='30']
      SELECT e."Id", e."AuthProvider", e."CreatedAt", e."Email", e."GoogleSubject", e."ImageObjectKey", e."ImageUrl", e."IsActive", e."Name", e."PasswordHash", e."Role", e."SessionVersion"
      FROM (
          SELECT * FROM "Users" WHERE "Id" = @p0 FOR UPDATE
      ) AS e
      LIMIT 2
info: Microsoft.EntityFrameworkCore.Database.Command[20101]
      Executed DbCommand (4ms) [Parameters=[@p0='?' (DbType = Guid), @p1='?', @p2='?' (DbType = Guid), @p3='?' (DbType = DateTime), @p4='?' (DbType = Object), @p5='?', @p6='?', @p7='?' (DbType = Guid), @p8='?' (DbType = Int32), @p9='?', @p10='?' (DbType = DateTime), @p11='?', @p12='?' (DbType = DateTime), @p13='?', @p14='?' (DbType = DateTime), @p15='?', @p16='?', @p17='?', @p18='?', @p19='?', @p20='?' (DbType = Boolean), @p21='?' (DbType = Double), @p22='?', @p23='?' (DbType = Double), @p24='?', @p25='?' (DbType = Guid), @p26='?' (DbType = Int64), @p27='?' (DbType = Boolean), @p28='?' (DbType = DateTime), @p29='?' (DbType = DateTime), @p30='?' (DbType = Boolean), @p31='?', @p32='?', @p33='?' (DbType = Int32), @p34='?', @p35='?' (DbType = Boolean), @p36='?'], CommandType='Text', CommandTimeout='30']
      INSERT INTO "AdminAuditLogs" ("Id", "Action", "ActorUserId", "CreatedAt", "DetailsJson", "TargetId", "TargetType")
      VALUES (@p0, @p1, @p2, @p3, @p4, @p5, @p6);
      INSERT INTO "Events" ("Id", "Capacity", "Category", "CreatedAt", "Currency", "Date", "Description", "EndDate", "FacebookUrl", "Format", "ImageObjectKey", "ImageUrl", "InstagramUrl", "IsPublished", "Latitude", "Location", "Longitude", "MeetingUrl", "OrganizerId", "PriceMinor", "RegistrationsEnabled", "SalesEndsAt", "SalesStartsAt", "TicketingEnabled", "Title", "TwitterUrl", "Version", "VirtualPlatform", "VotingEnabled", "WebsiteUrl")
      VALUES (@p7, @p8, @p9, @p10, @p11, @p12, @p13, @p14, @p15, @p16, @p17, @p18, @p19, @p20, @p21, @p22, @p23, @p24, @p25, @p26, @p27, @p28, @p29, @p30, @p31, @p32, @p33, @p34, @p35, @p36);
info: Microsoft.EntityFrameworkCore.Database.Command[20101]
      Executed DbCommand (2ms) [Parameters=[@userId='?' (DbType = Guid)], CommandType='Text', CommandTimeout='30']
      SELECT u."IsActive", u."Role", u."SessionVersion"
      FROM "Users" AS u
      WHERE u."Id" = @userId
      LIMIT 2
info: Microsoft.EntityFrameworkCore.Database.Command[20101]
      Executed DbCommand (2ms) [Parameters=[@_8__locals1_studentId='?' (DbType = Guid)], CommandType='Text', CommandTimeout='30']
      SELECT u."Id", u."AuthProvider", u."CreatedAt", u."Email", u."GoogleSubject", u."ImageObjectKey", u."ImageUrl", u."IsActive", u."Name", u."PasswordHash", u."Role", u."SessionVersion"
      FROM "Users" AS u
      WHERE u."Id" = @_8__locals1_studentId
      LIMIT 2
info: Microsoft.EntityFrameworkCore.Database.Command[20101]
      Executed DbCommand (1ms) [Parameters=[p0='?' (DbType = Guid)], CommandType='Text', CommandTimeout='30']
      SELECT e."Id", e."Capacity", e."Category", e."CreatedAt", e."Currency", e."Date", e."Description", e."EndDate", e."FacebookUrl", e."Format", e."ImageObjectKey", e."ImageUrl", e."InstagramUrl", e."IsPublished", e."Latitude", e."Location", e."Longitude", e."MeetingUrl", e."OrganizerId", e."PriceMinor", e."RegistrationsEnabled", e."SalesEndsAt", e."SalesStartsAt", e."TicketingEnabled", e."Title", e."TwitterUrl", e."Version", e."VirtualPlatform", e."VotingEnabled", e."WebsiteUrl"
      FROM (
          SELECT * FROM "Events" WHERE "Id" = @p0 FOR UPDATE
      ) AS e
      LIMIT 2
info: Microsoft.EntityFrameworkCore.Database.Command[20101]
      Executed DbCommand (2ms) [Parameters=[@userId='?' (DbType = Guid)], CommandType='Text', CommandTimeout='30']
      SELECT u."IsActive", u."Role", u."SessionVersion"
      FROM "Users" AS u
      WHERE u."Id" = @userId
      LIMIT 2
info: Microsoft.EntityFrameworkCore.Database.Command[20101]
      Executed DbCommand (2ms) [Parameters=[@_8__locals1_studentId='?' (DbType = Guid)], CommandType='Text', CommandTimeout='30']
      SELECT u."Id", u."AuthProvider", u."CreatedAt", u."Email", u."GoogleSubject", u."ImageObjectKey", u."ImageUrl", u."IsActive", u."Name", u."PasswordHash", u."Role", u."SessionVersion"
      FROM "Users" AS u
      WHERE u."Id" = @_8__locals1_studentId
      LIMIT 2
info: Microsoft.EntityFrameworkCore.Database.Command[20101]
      Executed DbCommand (2ms) [Parameters=[p0='?' (DbType = Guid)], CommandType='Text', CommandTimeout='30']
      SELECT e."Id", e."Capacity", e."Category", e."CreatedAt", e."Currency", e."Date", e."Description", e."EndDate", e."FacebookUrl", e."Format", e."ImageObjectKey", e."ImageUrl", e."InstagramUrl", e."IsPublished", e."Latitude", e."Location", e."Longitude", e."MeetingUrl", e."OrganizerId", e."PriceMinor", e."RegistrationsEnabled", e."SalesEndsAt", e."SalesStartsAt", e."TicketingEnabled", e."Title", e."TwitterUrl", e."Version", e."VirtualPlatform", e."VotingEnabled", e."WebsiteUrl", u."Id", u."AuthProvider", u."CreatedAt", u."Email", u."GoogleSubject", u."ImageObjectKey", u."ImageUrl", u."IsActive", u."Name", u."PasswordHash", u."Role", u."SessionVersion"
      FROM (
          SELECT * FROM "Events" WHERE "Id" = @p0 FOR UPDATE
      ) AS e
      INNER JOIN "Users" AS u ON e."OrganizerId" = u."Id"
      LIMIT 2
[xUnit.net 00:02:46.27]       System.Net.Http.HttpRequestException : Response status code does not indicate success: 409 (Conflict).
[xUnit.net 00:02:46.27]       Stack Trace:
[xUnit.net 00:02:46.27]            at System.Net.Http.HttpResponseMessage.EnsureSuccessStatusCode()
[xUnit.net 00:02:46.27]         /Users/mac/Desktop/ems/backend/EventManagement.Api.IntegrationTests/PaymentsControllerTests.cs(76,0): at EventManagement.Api.IntegrationTests.PaymentsControllerTests.Pending_paid_checkout_reserves_the_last_place()
[xUnit.net 00:02:46.27]         --- End of stack trace from previous location ---
info: Microsoft.EntityFrameworkCore.Database.Command[20101]
      Executed DbCommand (2ms) [Parameters=[@email='?'], CommandType='Text', CommandTimeout='30']
      SELECT u."Id", u."AuthProvider", u."CreatedAt", u."Email", u."GoogleSubject", u."ImageObjectKey", u."ImageUrl", u."IsActive", u."Name", u."PasswordHash", u."Role", u."SessionVersion"
      FROM "Users" AS u
      WHERE u."Email" = @email
      LIMIT 2
info: Microsoft.EntityFrameworkCore.Database.Command[20101]
      Executed DbCommand (2ms) [Parameters=[@email='?'], CommandType='Text', CommandTimeout='30']
      SELECT EXISTS (
          SELECT 1
          FROM "Users" AS u
          WHERE u."Email" = @email)
info: Microsoft.EntityFrameworkCore.Database.Command[20101]
      Executed DbCommand (2ms) [Parameters=[@p0='?' (DbType = Guid), @p1='?', @p2='?' (DbType = DateTime), @p3='?', @p4='?', @p5='?', @p6='?', @p7='?' (DbType = Boolean), @p8='?', @p9='?', @p10='?', @p11='?' (DbType = Int32)], CommandType='Text', CommandTimeout='30']
      INSERT INTO "Users" ("Id", "AuthProvider", "CreatedAt", "Email", "GoogleSubject", "ImageObjectKey", "ImageUrl", "IsActive", "Name", "PasswordHash", "Role", "SessionVersion")
      VALUES (@p0, @p1, @p2, @p3, @p4, @p5, @p6, @p7, @p8, @p9, @p10, @p11);
info: Microsoft.EntityFrameworkCore.Database.Command[20101]
      Executed DbCommand (2ms) [Parameters=[@userId='?' (DbType = Guid)], CommandType='Text', CommandTimeout='30']
      SELECT u."IsActive", u."Role", u."SessionVersion"
      FROM "Users" AS u
      WHERE u."Id" = @userId
      LIMIT 2
info: Microsoft.EntityFrameworkCore.Database.Command[20101]
      Executed DbCommand (2ms) [Parameters=[p0='?' (DbType = Guid)], CommandType='Text', CommandTimeout='30']
      SELECT e."Id", e."AuthProvider", e."CreatedAt", e."Email", e."GoogleSubject", e."ImageObjectKey", e."ImageUrl", e."IsActive", e."Name", e."PasswordHash", e."Role", e."SessionVersion"
      FROM (
          SELECT * FROM "Users" WHERE "Id" = @p0 FOR UPDATE
      ) AS e
      LIMIT 2
info: Microsoft.EntityFrameworkCore.Database.Command[20101]
      Executed DbCommand (4ms) [Parameters=[@p0='?' (DbType = Guid), @p1='?', @p2='?' (DbType = Guid), @p3='?' (DbType = DateTime), @p4='?' (DbType = Object), @p5='?', @p6='?', @p7='?' (DbType = Guid), @p8='?' (DbType = Int32), @p9='?', @p10='?' (DbType = DateTime), @p11='?', @p12='?' (DbType = DateTime), @p13='?', @p14='?' (DbType = DateTime), @p15='?', @p16='?', @p17='?', @p18='?', @p19='?', @p20='?' (DbType = Boolean), @p21='?' (DbType = Double), @p22='?', @p23='?' (DbType = Double), @p24='?', @p25='?' (DbType = Guid), @p26='?' (DbType = Int64), @p27='?' (DbType = Boolean), @p28='?' (DbType = DateTime), @p29='?' (DbType = DateTime), @p30='?' (DbType = Boolean), @p31='?', @p32='?', @p33='?' (DbType = Int32), @p34='?', @p35='?' (DbType = Boolean), @p36='?'], CommandType='Text', CommandTimeout='30']
      INSERT INTO "AdminAuditLogs" ("Id", "Action", "ActorUserId", "CreatedAt", "DetailsJson", "TargetId", "TargetType")
      VALUES (@p0, @p1, @p2, @p3, @p4, @p5, @p6);
      INSERT INTO "Events" ("Id", "Capacity", "Category", "CreatedAt", "Currency", "Date", "Description", "EndDate", "FacebookUrl", "Format", "ImageObjectKey", "ImageUrl", "InstagramUrl", "IsPublished", "Latitude", "Location", "Longitude", "MeetingUrl", "OrganizerId", "PriceMinor", "RegistrationsEnabled", "SalesEndsAt", "SalesStartsAt", "TicketingEnabled", "Title", "TwitterUrl", "Version", "VirtualPlatform", "VotingEnabled", "WebsiteUrl")
      VALUES (@p7, @p8, @p9, @p10, @p11, @p12, @p13, @p14, @p15, @p16, @p17, @p18, @p19, @p20, @p21, @p22, @p23, @p24, @p25, @p26, @p27, @p28, @p29, @p30, @p31, @p32, @p33, @p34, @p35, @p36);
info: Microsoft.EntityFrameworkCore.Database.Command[20101]
      Executed DbCommand (2ms) [Parameters=[@userId='?' (DbType = Guid)], CommandType='Text', CommandTimeout='30']
      SELECT u."IsActive", u."Role", u."SessionVersion"
      FROM "Users" AS u
      WHERE u."Id" = @userId
      LIMIT 2
info: Microsoft.EntityFrameworkCore.Database.Command[20101]
      Executed DbCommand (2ms) [Parameters=[@_8__locals1_studentId='?' (DbType = Guid)], CommandType='Text', CommandTimeout='30']
      SELECT u."Id", u."AuthProvider", u."CreatedAt", u."Email", u."GoogleSubject", u."ImageObjectKey", u."ImageUrl", u."IsActive", u."Name", u."PasswordHash", u."Role", u."SessionVersion"
      FROM "Users" AS u
      WHERE u."Id" = @_8__locals1_studentId
      LIMIT 2
info: Microsoft.EntityFrameworkCore.Database.Command[20101]
      Executed DbCommand (1ms) [Parameters=[p0='?' (DbType = Guid)], CommandType='Text', CommandTimeout='30']
      SELECT e."Id", e."Capacity", e."Category", e."CreatedAt", e."Currency", e."Date", e."Description", e."EndDate", e."FacebookUrl", e."Format", e."ImageObjectKey", e."ImageUrl", e."InstagramUrl", e."IsPublished", e."Latitude", e."Location", e."Longitude", e."MeetingUrl", e."OrganizerId", e."PriceMinor", e."RegistrationsEnabled", e."SalesEndsAt", e."SalesStartsAt", e."TicketingEnabled", e."Title", e."TwitterUrl", e."Version", e."VirtualPlatform", e."VotingEnabled", e."WebsiteUrl"
      FROM (
          SELECT * FROM "Events" WHERE "Id" = @p0 FOR UPDATE
      ) AS e
      LIMIT 2
info: Microsoft.Hosting.Lifetime[0]
      Application is shutting down...
[xUnit.net 00:02:47.35]       System.Net.Http.HttpRequestException : Response status code does not indicate success: 409 (Conflict).
[xUnit.net 00:02:47.35]       Stack Trace:
[xUnit.net 00:02:47.35]            at System.Net.Http.HttpResponseMessage.EnsureSuccessStatusCode()
[xUnit.net 00:02:47.35]         /Users/mac/Desktop/ems/backend/EventManagement.Api.IntegrationTests/PaymentsControllerTests.cs(36,0): at EventManagement.Api.IntegrationTests.PaymentsControllerTests.Paid_event_requires_verified_webhook_before_registration()
[xUnit.net 00:02:47.35]         --- End of stack trace from previous location ---
[xUnit.net 00:02:47.83]   Finished:    EventManagement.Api.IntegrationTests
</StdOut>
    </Output>
    <RunInfos>
      <RunInfo computerName="Stan-MacBook-Pro" outcome="Error" timestamp="2026-08-14T03:12:47.7624210+00:00">
        <Text>[xUnit.net 00:02:46.27]     EventManagement.Api.IntegrationTests.PaymentsControllerTests.Pending_paid_checkout_reserves_the_last_place [FAIL]</Text>
      </RunInfo>
      <RunInfo computerName="Stan-MacBook-Pro" outcome="Error" timestamp="2026-08-14T03:12:48.8366410+00:00">
        <Text>[xUnit.net 00:02:47.35]     EventManagement.Api.IntegrationTests.PaymentsControllerTests.Paid_event_requires_verified_webhook_before_registration [FAIL]</Text>
      </RunInfo>
      <RunInfo computerName="Stan-MacBook-Pro" outcome="Warning" timestamp="2026-08-14T03:12:49.3968970+00:00">
        <Text>Data collector 'Blame' message: All tests finished running, Sequence file will not be generated.</Text>
      </RunInfo>
    </RunInfos>
  </ResultSummary>
</TestRun>